Iteration: 50
Best fitness: 7
Best individual: ['[C]' '[nop]' '[nop]' '[=C]' '[nop]' '[N]' '[=N+1expl]' '[nop]' '[nop]'
 '[=C-1expl]' '[nop]' '[nop]' '[Expl=Ring1]' '[nop]' '[nop]' '[O]' '[nop]'
 '[nop]' '[nop]' '[C+1expl]' '[C-1expl]' '[nop]' '[nop]' '[=P]'
 '[#N+1expl]' '[nop]' '[nop]' '[nop]' '[nop]' '[nop]']
Iteration: 100
Best fitness: 9
Best individual: ['[=P]' '[C]' '[Branch1_2]' '[#N]' '[Branch2_3]' '[N]' '[S+1expl]' '[C]'
 '[Branch1_3]' '[=C]' '[Branch3_3]' '[Expl=Ring3]' '[=O]' '[=N]'
 '[Branch3_1]' '[=S+1expl]' '[Branch1_2]' '[Branch1_1]' '[N]' '[C]' '[=C]'
 '[C-1expl]' '[Branch1_2]' '[=P]' '[Branch2_2]' '[#C-1expl]' '[Branch2_1]'
 '[F]' '[O]' '[#N+1expl]']
Iteration: 150
Best fitness: 9
Best individual: ['[=P]' '[C]' '[Branch1_2]' '[#N]' '[Branch2_3]' '[N]' '[S+1expl]' '[C]'
 '[Branch1_3]' '[=C]' '[Branch3_3]' '[Expl=Ring3]' '[=O]' '[=N]'
 '[Branch3_1]' '[=S+1expl]' '[Branch1_2]' '[Branch1_1]' '[N]' '[C]' '[=C]'
 '[C-1expl]' '[Branch1_2]' '[=P]' '[Branch2_2]' '[#C-1expl]' '[Branch2_1]'
 '[F]' '[O]' '[#N+1expl]']
Iteration: 200
Best fitness: 9
Best individual: ['[=P]' '[C]' '[Branch1_2]' '[#N]' '[Branch2_3]' '[N]' '[S+1expl]' '[C]'
 '[Branch1_3]' '[=C]' '[Branch3_3]' '[Expl=Ring3]' '[=O]' '[=N]'
 '[Branch3_1]' '[=S+1expl]' '[Branch1_2]' '[Branch1_1]' '[N]' '[C]' '[=C]'
 '[C-1expl]' '[Branch1_2]' '[=P]' '[Branch2_2]' '[#C-1expl]' '[Branch2_1]'
 '[F]' '[O]' '[#N+1expl]']
Iteration: 250
Best fitness: 9
Best individual: ['[=P]' '[C]' '[Branch1_2]' '[#N]' '[Branch2_3]' '[N]' '[S+1expl]' '[C]'
 '[Branch1_3]' '[=C]' '[Branch3_3]' '[Expl=Ring3]' '[=O]' '[=N]'
 '[Branch3_1]' '[=S+1expl]' '[Branch1_2]' '[Branch1_1]' '[N]' '[C]' '[=C]'
 '[C-1expl]' '[Branch1_2]' '[=P]' '[Branch2_2]' '[#C-1expl]' '[Branch2_1]'
 '[F]' '[O]' '[#N+1expl]']
Iteration: 300
Best fitness: 9
Best individual: ['[=P]' '[C]' '[Branch1_2]' '[#N]' '[Branch2_3]' '[N]' '[S+1expl]' '[C]'
 '[Branch1_3]' '[=C]' '[Branch3_3]' '[Expl=Ring3]' '[=O]' '[=N]'
 '[Branch3_1]' '[=S+1expl]' '[Branch1_2]' '[Branch1_1]' '[N]' '[C]' '[=C]'
 '[C-1expl]' '[Branch1_2]' '[=P]' '[Branch2_2]' '[#C-1expl]' '[Branch2_1]'
 '[F]' '[O]' '[#N+1expl]']
Iteration: 350
Best fitness: 10
Best individual: ['[F]' '[C]' '[Branch1_2]' '[#N]' '[Branch2_3]' '[N]' '[#S]' '[C]'
 '[Branch1_3]' '[=C]' '[N-1expl]' '[Expl=Ring3]' '[=O]' '[=N]'
 '[Branch3_1]' '[=S+1expl]' '[Branch1_2]' '[Branch1_1]' '[Branch1_1]'
 '[=O+1expl]' '[=C]' '[C-1expl]' '[Branch1_2]' '[=P]' '[C]' '[#C-1expl]'
 '[S+1expl]' '[=S]' '[Branch1_2]' '[Branch1_3]']
Iteration: 400
Best fitness: 10
Best individual: ['[F]' '[C]' '[Branch1_2]' '[#N]' '[Branch2_3]' '[N]' '[#S]' '[C]'
 '[Branch1_3]' '[=C]' '[N-1expl]' '[Expl=Ring3]' '[=O]' '[=N]'
 '[Branch3_1]' '[=S+1expl]' '[Branch1_2]' '[Branch1_1]' '[Branch1_1]'
 '[=O+1expl]' '[=C]' '[C-1expl]' '[Branch1_2]' '[=P]' '[C]' '[#C-1expl]'
 '[S+1expl]' '[=S]' '[Branch1_2]' '[Branch1_3]']
Iteration: 450
Best fitness: 10
Best individual: ['[F]' '[C]' '[Branch1_2]' '[#N]' '[Branch2_3]' '[N]' '[#S]' '[C]'
 '[Branch1_3]' '[=C]' '[N-1expl]' '[Expl=Ring3]' '[=O]' '[=N]'
 '[Branch3_1]' '[=S+1expl]' '[Branch1_2]' '[Branch1_1]' '[Branch1_1]'
 '[=O+1expl]' '[=C]' '[C-1expl]' '[Branch1_2]' '[=P]' '[C]' '[#C-1expl]'
 '[S+1expl]' '[=S]' '[Branch1_2]' '[Branch1_3]']
Iteration: 500
Best fitness: 10
Best individual: ['[F]' '[C]' '[Branch1_2]' '[#N]' '[Branch2_3]' '[N]' '[#S]' '[C]'
 '[Branch1_3]' '[=C]' '[N-1expl]' '[Expl=Ring3]' '[=O]' '[=N]'
 '[Branch3_1]' '[=S+1expl]' '[Branch1_2]' '[Branch1_1]' '[Branch1_1]'
 '[=O+1expl]' '[=C]' '[C-1expl]' '[Branch1_2]' '[=P]' '[C]' '[#C-1expl]'
 '[S+1expl]' '[=S]' '[Branch1_2]' '[Branch1_3]']
