Iteration: 10
Best fitness: 8.240880000000002
Best individual: ['[C]' '[C]' '[Branch1_2]' '[C]' '[=O]' '[N]' '[C]' '[C]' '[C]' '[=C]'
 '[NHexpl]' '[C]' '[=C]' '[Ring1]' '[Branch1_1]' '[C]' '[=C]'
 '[Branch1_1]' '[Branch1_1]' '[C]' '[=C]' '[Ring1]' '[Branch1_2]' '[O]'
 '[C]' '[#P+1expl]' '[C-1expl]' '[=C-1expl]' '[O]' '[P+1expl]' '[=N]'
 '[=S+1expl]' '[=P-1expl]' '[O]' '[=C+1expl]' '[#C]' '[=P-1expl]'
 '[=P-1expl]' '[Branch3_2]' '[Ring1]' '[Branch1_2]' '[O+1expl]'
 '[N-1expl]' '[=S-1expl]' '[=P]' '[I]' '[=P]' '[Hexpl]' '[#P+1expl]'
 '[=C]']
Iteration: 20
Best fitness: 8.240880000000002
Best individual: ['[C]' '[C]' '[Branch1_2]' '[C]' '[=O]' '[N]' '[C]' '[C]' '[C]' '[=C]'
 '[NHexpl]' '[C]' '[=C]' '[Ring1]' '[Branch1_1]' '[C]' '[=C]'
 '[Branch1_1]' '[Branch1_1]' '[C]' '[=C]' '[Ring1]' '[Branch1_2]' '[O]'
 '[C]' '[#P+1expl]' '[C-1expl]' '[=C-1expl]' '[O]' '[P+1expl]' '[=N]'
 '[=S+1expl]' '[=P-1expl]' '[O]' '[=C+1expl]' '[#C]' '[=P-1expl]'
 '[=P-1expl]' '[Branch3_2]' '[Ring1]' '[Branch1_2]' '[O+1expl]'
 '[N-1expl]' '[=S-1expl]' '[=P]' '[I]' '[=P]' '[Hexpl]' '[#P+1expl]'
 '[=C]']
Iteration: 30
Best fitness: 8.56909
Best individual: ['[C]' '[C]' '[Branch1_2]' '[C]' '[=O]' '[N]' '[C]' '[C]' '[C]' '[=C]'
 '[NHexpl]' '[C]' '[=C]' '[Ring1]' '[Branch1_1]' '[C]' '[=C]'
 '[Branch1_1]' '[Branch1_1]' '[C]' '[=C]' '[Ring1]' '[Branch1_2]' '[O]'
 '[C]' '[=C+1expl]' '[P-1expl]' '[#S]' '[#N+1expl]' '[P]' '[#S]'
 '[P-1expl]' '[S]' '[P+1expl]' '[Branch1_3]' '[#P+1expl]' '[F]' '[Cl]'
 '[=C-1expl]' '[#S]' '[P+1expl]' '[#S]' '[Ring3]' '[Branch2_2]'
 '[#S+1expl]' '[=N-1expl]' '[#P+1expl]' '[Branch2_2]' '[I]' '[Cl]']
Iteration: 40
Best fitness: 8.56909
Best individual: ['[C]' '[C]' '[Branch1_2]' '[C]' '[=O]' '[N]' '[C]' '[C]' '[C]' '[=C]'
 '[NHexpl]' '[C]' '[=C]' '[Ring1]' '[Branch1_1]' '[C]' '[=C]'
 '[Branch1_1]' '[Branch1_1]' '[C]' '[=C]' '[Ring1]' '[Branch1_2]' '[O]'
 '[C]' '[=C+1expl]' '[P-1expl]' '[#S]' '[#N+1expl]' '[P]' '[#S]'
 '[P-1expl]' '[S]' '[P+1expl]' '[Branch1_3]' '[#P+1expl]' '[F]' '[Cl]'
 '[=C-1expl]' '[#S]' '[P+1expl]' '[#S]' '[Ring3]' '[Branch2_2]'
 '[#S+1expl]' '[=N-1expl]' '[#P+1expl]' '[Branch2_2]' '[I]' '[Cl]']
Iteration: 50
Best fitness: 15.700299999999991
Best individual: ['[C]' '[C]' '[Branch1_2]' '[C]' '[=O]' '[N]' '[C]' '[C]' '[C]' '[=C]'
 '[NHexpl]' '[C]' '[=C]' '[Ring1]' '[Branch1_1]' '[C]' '[=C]'
 '[Branch1_1]' '[Branch1_1]' '[C]' '[=C]' '[Ring1]' '[Branch1_2]' '[O]'
 '[C]' '[P-1expl]' '[P-1expl]' '[N+1expl]' '[#S+1expl]' '[P-1expl]'
 '[=P-1expl]' '[=P-1expl]' '[#S+1expl]' '[=P]' '[#P]' '[#P-1expl]'
 '[#P+1expl]' '[#S-1expl]' '[P+1expl]' '[=S+1expl]' '[#P+1expl]'
 '[#P+1expl]' '[Ring2]' '[P]' '[Br]' '[S]' '[P-1expl]' '[=P-1expl]'
 '[#P-1expl]' '[P-1expl]']
Iteration: 60
Best fitness: 15.700299999999991
Best individual: ['[C]' '[C]' '[Branch1_2]' '[C]' '[=O]' '[N]' '[C]' '[C]' '[C]' '[=C]'
 '[NHexpl]' '[C]' '[=C]' '[Ring1]' '[Branch1_1]' '[C]' '[=C]'
 '[Branch1_1]' '[Branch1_1]' '[C]' '[=C]' '[Ring1]' '[Branch1_2]' '[O]'
 '[C]' '[P-1expl]' '[P-1expl]' '[N+1expl]' '[#S+1expl]' '[P-1expl]'
 '[=P-1expl]' '[=P-1expl]' '[#S+1expl]' '[=P]' '[#P]' '[#P-1expl]'
 '[#P+1expl]' '[#S-1expl]' '[P+1expl]' '[=S+1expl]' '[#P+1expl]'
 '[#P+1expl]' '[Ring2]' '[P]' '[Br]' '[S]' '[P-1expl]' '[=P-1expl]'
 '[#P-1expl]' '[P-1expl]']
Iteration: 70
Best fitness: 15.700299999999991
Best individual: ['[C]' '[C]' '[Branch1_2]' '[C]' '[=O]' '[N]' '[C]' '[C]' '[C]' '[=C]'
 '[NHexpl]' '[C]' '[=C]' '[Ring1]' '[Branch1_1]' '[C]' '[=C]'
 '[Branch1_1]' '[Branch1_1]' '[C]' '[=C]' '[Ring1]' '[Branch1_2]' '[O]'
 '[C]' '[P-1expl]' '[P-1expl]' '[N+1expl]' '[#S+1expl]' '[P-1expl]'
 '[=P-1expl]' '[=P-1expl]' '[#S+1expl]' '[=P]' '[#P]' '[#P-1expl]'
 '[#P+1expl]' '[#S-1expl]' '[P+1expl]' '[=S+1expl]' '[#P+1expl]'
 '[#P+1expl]' '[Ring2]' '[P]' '[Br]' '[S]' '[P-1expl]' '[=P-1expl]'
 '[#P-1expl]' '[P-1expl]']
Iteration: 80
Best fitness: 15.700299999999991
Best individual: ['[C]' '[C]' '[Branch1_2]' '[C]' '[=O]' '[N]' '[C]' '[C]' '[C]' '[=C]'
 '[NHexpl]' '[C]' '[=C]' '[Ring1]' '[Branch1_1]' '[C]' '[=C]'
 '[Branch1_1]' '[Branch1_1]' '[C]' '[=C]' '[Ring1]' '[Branch1_2]' '[O]'
 '[C]' '[P-1expl]' '[P-1expl]' '[N+1expl]' '[#S+1expl]' '[P-1expl]'
 '[=P-1expl]' '[=P-1expl]' '[#S+1expl]' '[=P]' '[#P]' '[#P-1expl]'
 '[#P+1expl]' '[#S-1expl]' '[P+1expl]' '[=S+1expl]' '[#P+1expl]'
 '[#P+1expl]' '[Ring2]' '[P]' '[Br]' '[S]' '[P-1expl]' '[=P-1expl]'
 '[#P-1expl]' '[P-1expl]']
Iteration: 90
Best fitness: 15.700299999999991
Best individual: ['[C]' '[C]' '[Branch1_2]' '[C]' '[=O]' '[N]' '[C]' '[C]' '[C]' '[=C]'
 '[NHexpl]' '[C]' '[=C]' '[Ring1]' '[Branch1_1]' '[C]' '[=C]'
 '[Branch1_1]' '[Branch1_1]' '[C]' '[=C]' '[Ring1]' '[Branch1_2]' '[O]'
 '[C]' '[P-1expl]' '[P-1expl]' '[N+1expl]' '[#S+1expl]' '[P-1expl]'
 '[=P-1expl]' '[=P-1expl]' '[#S+1expl]' '[=P]' '[#P]' '[#P-1expl]'
 '[#P+1expl]' '[#S-1expl]' '[P+1expl]' '[=S+1expl]' '[#P+1expl]'
 '[#P+1expl]' '[Ring2]' '[P]' '[Br]' '[S]' '[P-1expl]' '[=P-1expl]'
 '[#P-1expl]' '[P-1expl]']
Iteration: 100
Best fitness: 15.700299999999991
Best individual: ['[C]' '[C]' '[Branch1_2]' '[C]' '[=O]' '[N]' '[C]' '[C]' '[C]' '[=C]'
 '[NHexpl]' '[C]' '[=C]' '[Ring1]' '[Branch1_1]' '[C]' '[=C]'
 '[Branch1_1]' '[Branch1_1]' '[C]' '[=C]' '[Ring1]' '[Branch1_2]' '[O]'
 '[C]' '[P-1expl]' '[P-1expl]' '[N+1expl]' '[#S+1expl]' '[P-1expl]'
 '[=P-1expl]' '[=P-1expl]' '[#S+1expl]' '[=P]' '[#P]' '[#P-1expl]'
 '[#P+1expl]' '[#S-1expl]' '[P+1expl]' '[=S+1expl]' '[#P+1expl]'
 '[#P+1expl]' '[Ring2]' '[P]' '[Br]' '[S]' '[P-1expl]' '[=P-1expl]'
 '[#P-1expl]' '[P-1expl]']
