Fitness could not be evaluated for chromosome. SMILES : CC(=O)NCCC1=C[NH]C2=C1C=C(C=C2)OC
Fitness could not be evaluated for chromosome. SMILES : CC(=O)NCCC1=C[NH]C2=C1C=C(C=C2)OC
Fitness could not be evaluated for chromosome. SMILES : CC(=O)NCCC1=C[NH]C2=C1C=C(C=C2)OC
Fitness could not be evaluated for chromosome. SMILES : CC(=O)NCCC1=C[NH]C2=C1C=C(C=C2)OC
Fitness could not be evaluated for chromosome. SMILES : CC(=O)NCCC1=C[NH]C2=C1C=C(C=C2)OC
Fitness could not be evaluated for chromosome. SMILES : CC(=O)NCCC1=C[NH]C2=C1C=C(C=C2)OC
Fitness could not be evaluated for chromosome. SMILES : CC(=O)NCCC1=C[NH]C2=C1C=C(C=C2)OC
Fitness could not be evaluated for chromosome. SMILES : CC(=O)NCCC1=C[NH]C2=C1C=C(C=C2)OC
Fitness could not be evaluated for chromosome. SMILES : CC(=O)NCCC1=C[NH]C2=C1C=C(C=C2)OC
Fitness could not be evaluated for chromosome. SMILES : CC(=O)NCCC1=C[NH]C2=C1C=C(C=C2)OC
Fitness could not be evaluated for chromosome. SMILES : CC(=O)NCCC1=C[NH]C2=C1C=C(C=C2)OC
Fitness could not be evaluated for chromosome. SMILES : CC(=O)NCCC1=C[NH]C2=C1C=C(C=C2)OC
Fitness could not be evaluated for chromosome. SMILES : CC(=O)NCCC1=C[NH]C2=C1C=C(C=C2)OC
Fitness could not be evaluated for chromosome. SMILES : CC(=O)NCCC1=C[NH]C2=C1C=C(C=C2)OC
Fitness could not be evaluated for chromosome. SMILES : CC(=O)NCCC1=C[NH]C2=C1C=C(C=C2)OC
Fitness could not be evaluated for chromosome. SMILES : CC(=O)NCCC1=C[NH]C2=C1C=C(C=C2)OC
Fitness could not be evaluated for chromosome. SMILES : CC(=O)NCCC1=C[NH]C2=C1C=C(C=C2)OC
Fitness could not be evaluated for chromosome. SMILES : CC(=O)NCCC1=C[NH]C2=C1C=C(C=C2)OC
Fitness could not be evaluated for chromosome. SMILES : CC(=O)NCCC1=C[NH]C2=C1C=C(C=C2)OC
Fitness could not be evaluated for chromosome. SMILES : CC(=O)NCCC1=C[NH]C2=C1C=C(C=C2)OC
Fitness could not be evaluated for chromosome. SMILES : CC(=O)NCCC1=C[NH]C2=C1C=C(C=C2)OC
Fitness could not be evaluated for chromosome. SMILES : CC(=O)NCCC1=C[NH]C2=C1C=C(C=C2)OC
Fitness could not be evaluated for chromosome. SMILES : CC(=O)NCCC1=C[NH]C2=C1C=C(C=C2)OC
Fitness could not be evaluated for chromosome. SMILES : CC(=O)NCCC1=C[NH]C2=C1C=C(C=C2)OC
Fitness could not be evaluated for chromosome. SMILES : CC(=O)NCCC1=C[NH]C2=C1C=C(C=C2)OC
Fitness could not be evaluated for chromosome. SMILES : CC(=O)NCCC1=C[NH]C2=C1C=C(C=C2)OC
Fitness could not be evaluated for chromosome. SMILES : CC(=O)NCCC1=C[NH]C2=C1C=C(C=C2)OC
Fitness could not be evaluated for chromosome. SMILES : CC(=O)NCCC1=C[NH]C2=C1C=C(C=C2)OC
Fitness could not be evaluated for chromosome. SMILES : CC(=O)NCCC1=C[NH]C2=C1C=C(C=C2)OC
Fitness could not be evaluated for chromosome. SMILES : CC(=O)NCCC1=C[NH]C2=C1C=C(C=C2)OC
Fitness could not be evaluated for chromosome. SMILES : CC(=O)NCCC1=C[NH]C2=C1C=C(C=C2)OC
Fitness could not be evaluated for chromosome. SMILES : CC(=O)NCCC1=C[NH]C2=C1C=C(C=C2)OC
Fitness could not be evaluated for chromosome. SMILES : CC(=O)NCCC1=C[NH]C2=C1C=C(C=C2)OC
Fitness could not be evaluated for chromosome. SMILES : CC(=O)NCCC1=C[NH]C2=C1C=C(C=C2)OC
Fitness could not be evaluated for chromosome. SMILES : CC(=O)NCCC1=C[NH]C2=C1C=C(C=C2)OC
Fitness could not be evaluated for chromosome. SMILES : CC(=O)NCCC1=C[NH]C2=C1C=C(C=C2)OC
Fitness could not be evaluated for chromosome. SMILES : CC(=O)NCCC1=C[NH]C2=C1C=C(C=C2)OC
Fitness could not be evaluated for chromosome. SMILES : CC(=O)NCCC1=C[NH]C2=C1C=C(C=C2)OC
Fitness could not be evaluated for chromosome. SMILES : CC(=O)NCCC1=C[NH]C2=C1C=C(C=C2)OC
Fitness could not be evaluated for chromosome. SMILES : CC(=O)NCCC1=C[NH]C2=C1C=C(C=C2)OC
Fitness could not be evaluated for chromosome. SMILES : CC(=O)NCCC1=C[NH]C2=C1C=C(C=C2)OC
Fitness could not be evaluated for chromosome. SMILES : CC(=O)NCCC1=C[NH]C2=C1C=C(C=C2)OC
Fitness could not be evaluated for chromosome. SMILES : CC(=O)NCCC1=C[NH]C2=C1C=C(C=C2)OC
Fitness could not be evaluated for chromosome. SMILES : CC(=O)NCCC1=C[NH]C2=C1C=C(C=C2)OC
Fitness could not be evaluated for chromosome. SMILES : CC(=O)NCCC1=C[NH]C2=C1C=C(C=C2)OC
Fitness could not be evaluated for chromosome. SMILES : CC(=O)NCCC1=C[NH]C2=C1C=C(C=C2)OC
Fitness could not be evaluated for chromosome. SMILES : CC(=O)NCCC1=C[NH]C2=C1C=C(C=C2)OC
Fitness could not be evaluated for chromosome. SMILES : CC(=O)NCCC1=C[NH]C2=C1C=C(C=C2)OC
Fitness could not be evaluated for chromosome. SMILES : CC(=O)NCCC1=C[NH]C2=C1C=C(C=C2)OC
Fitness could not be evaluated for chromosome. SMILES : CC(=O)NCCC1=C[NH]C2=C1C=C(C=C2)OC
Iteration: 1
Best fitness: -1000000.0
Best individual: ['[C]' '[C]' '[Branch1_2]' '[C]' '[=O]' '[N]' '[C]' '[C]' '[C]' '[=C]'
 '[NHexpl]' '[C]' '[=C]' '[Ring1]' '[Branch1_1]' '[C]' '[=C]'
 '[Branch1_1]' '[Branch1_1]' '[C]' '[=C]' '[Ring1]' '[Branch1_2]' '[O]'
 '[C]' '[nop]' '[nop]' '[nop]' '[nop]' '[nop]' '[nop]' '[nop]' '[nop]'
 '[nop]' '[nop]' '[nop]' '[nop]' '[nop]' '[nop]' '[nop]' '[nop]' '[nop]'
 '[nop]' '[nop]' '[nop]' '[nop]' '[nop]' '[nop]' '[nop]' '[nop]']
Fitness could not be evaluated for chromosome. SMILES : CC(=O)NCCC1=C[NH]C2=C1C=C(C=C2)OC=O
Fitness could not be evaluated for chromosome. SMILES : CC(=O)NCCC1=C[NH]C2=C1C=C(C=C2)OCCl
Fitness could not be evaluated for chromosome. SMILES : CC(=O)NCCC1=C[NH]C2=C1C=C(C=C2)OC(N=C)CBr
Fitness could not be evaluated for chromosome. SMILES : CC(=O)NCCC1=C[NH]C2=C1C=C(C=C2)OC=O
Fitness could not be evaluated for chromosome. SMILES : CC(=O)NCCC1=C[NH]C2=C1C=C(C=C2)OC=NOS#N
Fitness could not be evaluated for chromosome. SMILES : C3C(=O)NCCC1=C[NH]C2=C1C=C(C=C2)OCOS(P=CSON3)
Fitness could not be evaluated for chromosome. SMILES : CC(=O)NCCC1=C[NH]C2=C1C=C(C=C2)OCF
Fitness could not be evaluated for chromosome. SMILES : CC(=O)NCCC1=C[NH]C2=C1C=C(C=C2)OCI
Fitness could not be evaluated for chromosome. SMILES : CC(=O)NCCC1=C[NH]C2=C1C=C(C=C2)OCC(S=NOON=COP#N)=N
Fitness could not be evaluated for chromosome. SMILES : CC(=O)NCCC1=C[NH]C2=C1C=C(C=C2)OC=NPCl
Fitness could not be evaluated for chromosome. SMILES : CC(=O)NCCC1=C[NH]C2=C1C=C(C=C2)OC#N
Fitness could not be evaluated for chromosome. SMILES : CC(=O)NCCC1=C[NH]C2=C1C=C(C=C2)OCF
Fitness could not be evaluated for chromosome. SMILES : CC(=O)NCCC1=C[NH]C2=C1C=C(C=C2)OC=S=NBr
Fitness could not be evaluated for chromosome. SMILES : CC(=O)NCCC1=C[NH]C2=C1C=C(C=C2)OC(Cl)=NP=C(=NON)
Fitness could not be evaluated for chromosome. SMILES : CC(=O)NCCC1=C[NH]C2=C1C=C(C=C2)OCI
Fitness could not be evaluated for chromosome. SMILES : CC(=O)NCCC1=C[NH]C2=C1C=C(C=C2)OC
Fitness could not be evaluated for chromosome. SMILES : CC(=O)NCCC1=C[NH]C2=C1C=C(C=C2)OCSOCl
Fitness could not be evaluated for chromosome. SMILES : CC(=O)NCCC1=C[NH]C2=C1C=C(C=C2)OC=S(S(=C)F)
Fitness could not be evaluated for chromosome. SMILES : CC(=O)NCCC1=C[NH]C2=C1C=C(C=C2)OC[NH]C[NH]P#N
Fitness could not be evaluated for chromosome. SMILES : CC(=O)NCCC1=C[NH]C2=C1C=C(C=C2)OC=NN=O
Fitness could not be evaluated for chromosome. SMILES : CC(=O)NCCC1=C[NH]C2=C1C=C(C=C2)OC#N
Fitness could not be evaluated for chromosome. SMILES : CC(=O)NCCC1=C[NH]C2=C1C=C(C=C2)OC(=NO[NH]NS=P=SP=C([NH]))
Fitness could not be evaluated for chromosome. SMILES : CC(=O)NCCC1=C[NH]C2=C1C=C(C=C2)OCNNCl
Fitness could not be evaluated for chromosome. SMILES : CC(=O)NCCC1=C[NH]C2=C1C=C(C=C2)OC=NS=P#N
Fitness could not be evaluated for chromosome. SMILES : CC(=O)NCCC1=C[NH]C2=C1C=C(C=C2)OCCl
Fitness could not be evaluated for chromosome. SMILES : CC(=O)NCCC1=C[NH]C2=C1C=C(C=C2)OC(F)POCS=O
Fitness could not be evaluated for chromosome. SMILES : CC(=O)NCCC1=C[NH]C2=C1C=C(C=C2)OCCl
Fitness could not be evaluated for chromosome. SMILES : CC(=O)NCCC1=C[NH]C2=C1C=C(C=C2)OCI
Fitness could not be evaluated for chromosome. SMILES : CC(=O)NCCC1=C[NH]C2=C1C=C(C=C2)OCNNI
Fitness could not be evaluated for chromosome. SMILES : CC(=O)NCCC1=C[NH]C2=C1C=C(C=C2)OC(C)Cl
Fitness could not be evaluated for chromosome. SMILES : CC(=O)NCCC1=C[NH]C2=C1C=C(C=C2)OC[NH]Br
Fitness could not be evaluated for chromosome. SMILES : CC(=O)NCCC1=C[NH]C2=C1C=C(C=C2)OC[NH]S(Cl)(NCl)
Fitness could not be evaluated for chromosome. SMILES : CC(=O)NCCC1=C[NH]C2=C1C=C(C=C2)OC[NH]SSCl
Fitness could not be evaluated for chromosome. SMILES : CC(=O)NCCC1=C[NH]C2=C1C=C(C=C2)OC=CBr
Fitness could not be evaluated for chromosome. SMILES : CC(=O)NCCC1=C[NH]C2=C1C=C(C=C23)OC=S3NP=NF
Fitness could not be evaluated for chromosome. SMILES : CC(=O)NCCC1=C[NH]C2=C1C=C(C=C2)OC(N)=CPCI
Fitness could not be evaluated for chromosome. SMILES : CC(=O)NCCC1=C[NH]C2=C1C=C(C=C2)OCCF
Fitness could not be evaluated for chromosome. SMILES : CC(=O)NCCC1=C[NH]C2=C1C=C(C=C2)OCI
Fitness could not be evaluated for chromosome. SMILES : CC(=O)NCCC1=C[NH]C2=C1C=C(C=C2)OC=NBr
Fitness could not be evaluated for chromosome. SMILES : CC(=O)NCCC1=C[NH]C2=C1C=C(C=C2)OC(C)F
Fitness could not be evaluated for chromosome. SMILES : C3C(=O)NCCC1=C[NH]C2=C1C=C(C=C2)OC3P=NBr
Fitness could not be evaluated for chromosome. SMILES : CC(=O)NCCC1=C[NH]C2=C1C=C(C=C2)OC=C[NH]PSI
Fitness could not be evaluated for chromosome. SMILES : CC(=O)NCCC1=C[NH]C2=C1C=C(C=C2)OC(SP[NH]I)
Fitness could not be evaluated for chromosome. SMILES : CC(=O)NCCC1=C[NH]C2=C1C3=C(C=C2)OC3F
Fitness could not be evaluated for chromosome. SMILES : CC(=O)NCCC1=C[NH]C2=C1C=C(C=C2)OCN=NCl
Fitness could not be evaluated for chromosome. SMILES : CC(=O)NCCC1=C[NH]C2=C1C=C(C=C2)OCOCCl
Fitness could not be evaluated for chromosome. SMILES : CC(=O)NCCC1=C[NH]C2=C1C=C(C=C2)OC(I)
Fitness could not be evaluated for chromosome. SMILES : CC(=O)NCCC1=C[NH]C2=C1C=C(C=C2)OCBr
Fitness could not be evaluated for chromosome. SMILES : CC(=O)NCCC1=C[NH]C2=C1C=C(C=C2)OCC#N
Iteration: 2
Best fitness: -1000000.0
Best individual: ['[C]' '[C]' '[Branch1_2]' '[C]' '[=O]' '[N]' '[C]' '[C]' '[C]' '[=C]'
 '[NHexpl]' '[C]' '[=C]' '[Ring1]' '[Branch1_1]' '[C]' '[=C]'
 '[Branch1_1]' '[Branch1_1]' '[C]' '[=C]' '[Ring1]' '[Branch1_2]' '[O]'
 '[C]' '[C]' '[#N]' '[=C]' '[NHexpl]' '[Branch1_1]' '[nop]' '[#N]' '[Br]'
 '[Branch1_2]' '[C]' '[C]' '[N]' '[O]' '[#N]' '[P]' '[I]' '[O]' '[nop]'
 '[=O]' '[nop]' '[nop]' '[#C]' '[#N]' '[C]' '[O]']
Fitness could not be evaluated for chromosome. SMILES : CC(=O)NCCC1=C[NH]C2=C1C=C(C=C2)OCF
Fitness could not be evaluated for chromosome. SMILES : C3C(=O)NCCC1=C[NH]C2=C1C=C(C=C2)OC=C3(N=NNOS=O)
Fitness could not be evaluated for chromosome. SMILES : CC(=O)NCCC1=C[NH]C2=C1C=C(C=C2)OCI
Fitness could not be evaluated for chromosome. SMILES : CC(=O)NCCC1=C[NH]C2=C1C=C(C=C2)OC=NC
Fitness could not be evaluated for chromosome. SMILES : CC(=O)NCCC1=C[NH]C2=C1C=C(C=C2)OCOC(=CC=C)C=S#N
Fitness could not be evaluated for chromosome. SMILES : CC(=O)NCCC1=C[NH]C2=C1C=C(C=C2)OC(Cl)
Fitness could not be evaluated for chromosome. SMILES : CC(=O)NCCC1=C[NH]C2=C1C=C(C=C2)OCS=P(CCl)C=S
Fitness could not be evaluated for chromosome. SMILES : CC(=O)NCCC1=C[NH]C2=C1C=C(C=C2)OC
Fitness could not be evaluated for chromosome. SMILES : CC(=O)NCCC1=C[NH]C2=C1C=C(C=C2)OC=SF
Fitness could not be evaluated for chromosome. SMILES : CC(=O)NCCC1=C[NH]C2=C1C=C(C=C2)OC(PCl)=O
Fitness could not be evaluated for chromosome. SMILES : CC(=O)NCCC1=C[NH]C2=C1C=C(C=C2)OC(N)=O
Fitness could not be evaluated for chromosome. SMILES : CC(=O)NCCC1=C[NH]C2=C1C=C(C=C2)OC[NH]P=C=S
Fitness could not be evaluated for chromosome. SMILES : CC(=O)NCCC1=C[NH]C2=C1C=C(C=C2)OC=CO
Fitness could not be evaluated for chromosome. SMILES : CC(=O)NCCC1=C[NH]C2=C1C=C(C=C2)OC
Fitness could not be evaluated for chromosome. SMILES : CC(=O)NCCC1=C[NH]C2=C1C=C(C=C2)OCCl
Fitness could not be evaluated for chromosome. SMILES : CC(=O)NCCC1=C[NH]C2=C1C=C(C=C2)OC=SS=PBr
Fitness could not be evaluated for chromosome. SMILES : CC(=O)NCCC1=C[NH]C2=C1C=C(C=C2)OC#CPI
Fitness could not be evaluated for chromosome. SMILES : CC(=O)NCCC1=C[NH]C2=C1C=C(C=C2)OC(S)=NC(S)
Fitness could not be evaluated for chromosome. SMILES : CC(=O)NCCC1=C[NH]C2=C1C=C(C=C2)OCCl
Fitness could not be evaluated for chromosome. SMILES : CC(=O)NCCC1=C[NH]C2=C1C=C(C=C2)OCI
Fitness could not be evaluated for chromosome. SMILES : CC(=O)NCC3C1=C[NH]C2=C1C=C(C=C2)OCOP3N=S(I)I
Fitness could not be evaluated for chromosome. SMILES : CC(=O)NCCC1=C[NH]C2=C1C=C(C=C2)OC
Fitness could not be evaluated for chromosome. SMILES : CC(=O)NCCC1=C[NH]C2=C1C=C(C=C2)OC=SNCl
Fitness could not be evaluated for chromosome. SMILES : C3C(=O)NCCC1=C[NH]C2=C1C=C(C=C2)OC3NS#CF
Fitness could not be evaluated for chromosome. SMILES : CC(=O)NCCC1=C[NH]C2=C1C=C(C=C2)OC=S#CPCl
Fitness could not be evaluated for chromosome. SMILES : CC(=O)NCCC1=C[NH]C2=C1C=C(C=C23)OC=S3Br
Fitness could not be evaluated for chromosome. SMILES : CC(=O)NCCC1=C[NH]C2=C1C=C(C=C2)OCS#CC#CPBr
Fitness could not be evaluated for chromosome. SMILES : CC(=O)NCCC1=C[NH]C2=C1C=C(C=C2)OC#CS(C)Cl
Fitness could not be evaluated for chromosome. SMILES : CC(=O)NCCC1=C[NH]C2=C1C=C(C=C2)OC#N
Fitness could not be evaluated for chromosome. SMILES : CC(=O)NCCC1=C[NH]C2=C1C=C(C=C2)OC#N
Fitness could not be evaluated for chromosome. SMILES : CC(=O)NCCC1=C[NH]C2=C1C=C(C=C2)OC(PBr)(O)N[NH]C#CCl
Fitness could not be evaluated for chromosome. SMILES : CC(=O)NCCC1=C[NH]C2=C1C=C(C=C2)OCBr
Fitness could not be evaluated for chromosome. SMILES : CC(=O)NCCC1=C[NH]C2=C1C=C(C=C2)OCP=CCl
Fitness could not be evaluated for chromosome. SMILES : CC(=O)NCCC1=C[NH]C2=C1C=C(C=C2)OC
Fitness could not be evaluated for chromosome. SMILES : CC(=O)NCCC1=C[NH]C2=C1C=C(C=C2)OC=NSPS(P)Cl
Fitness could not be evaluated for chromosome. SMILES : CC(=O)NCCC1=C[NH]C2=C1C=C(C=C2)OCC=O
Fitness could not be evaluated for chromosome. SMILES : CC(=O)NCCC1=C[NH]C2=C1C=C(C=C2)OC(N=PS=P=SF)[NH]C(C)F
Fitness could not be evaluated for chromosome. SMILES : CC(=O)NCCC1=C[NH]C2=C1C=C(C=C2)OC=C=P=CF
Fitness could not be evaluated for chromosome. SMILES : CC(=O)NCCC1=C[NH]C2=C1C=C(C=C2)OCF
Fitness could not be evaluated for chromosome. SMILES : CC(=O)NCCC1=C[NH]C2=C1C=C(C=C2)OCI
Fitness could not be evaluated for chromosome. SMILES : CC(=O)NCCC1=C[NH]C2=C1C=C(C=C2)OCP[NH]SP(I)OS
Fitness could not be evaluated for chromosome. SMILES : CC(=O)NCCC1=C[NH]C2=C1C=C(C=C2)OCOF
Fitness could not be evaluated for chromosome. SMILES : C3C(=O)NCCC1=C[NH]C2=C1C=C(C=C2)OC3=O
Fitness could not be evaluated for chromosome. SMILES : CC(=O)NCCC1=C[NH]C2=C1C=C(C=C2)OC=P(N)=CSNS=C=NOCN=N
Fitness could not be evaluated for chromosome. SMILES : CC(=O)NCCC1=C[NH]C2=C1C=C(C=C2)OC=O
Fitness could not be evaluated for chromosome. SMILES : C=3C(=O)NCCC1=C[NH]C2=C1C=C(C=C2)OC=S=3(Cl)C
Fitness could not be evaluated for chromosome. SMILES : CC(=O)NCCC1=C[NH]C2=C1C=C(C=C2)OCF
Fitness could not be evaluated for chromosome. SMILES : CC(=O)NCCC1=C[NH]C2=C1C=C(C=C2)OC=C
Fitness could not be evaluated for chromosome. SMILES : CC(=O)NCCC1=C[NH]C2=C1C=C(C=C2)OC#N
Iteration: 3
Best fitness: -1000000.0
Best individual: ['[C]' '[C]' '[Branch1_2]' '[C]' '[=O]' '[N]' '[C]' '[C]' '[C]' '[=C]'
 '[NHexpl]' '[C]' '[=C]' '[Ring1]' '[Branch1_1]' '[C]' '[=C]'
 '[Branch1_1]' '[Branch1_1]' '[C]' '[=C]' '[Ring1]' '[Branch1_2]' '[O]'
 '[C]' '[nop]' '[#N]' '[=S]' '[nop]' '[nop]' '[Branch1_2]' '[I]' '[S]'
 '[F]' '[Branch1_2]' '[=O]' '[nop]' '[nop]' '[nop]' '[#C]' '[N]' '[nop]'
 '[P]' '[P]' '[nop]' '[C]' '[epsilon]' '[Ring2]' '[I]' '[nop]']
Fitness could not be evaluated for chromosome. SMILES : CC(=O)NCCC1=C[NH]C2=C1C=C(C=C2)OC3=P=P3I
Fitness could not be evaluated for chromosome. SMILES : CC(=O)NCCC1=C[NH]C2=C1C=C(C=C2)OC
Fitness could not be evaluated for chromosome. SMILES : CC(=O)NCCC1=C[NH]C2=C1C=C(C=C2)OCOPCI
Fitness could not be evaluated for chromosome. SMILES : CC(=O)NCCC1=C[NH]C2=C1C=C(C=C2)OC#P#CBr
Fitness could not be evaluated for chromosome. SMILES : CC(=O)NCCC1=C[NH]C2=C1C=C(C=C2)OCCl
Fitness could not be evaluated for chromosome. SMILES : C3C(=O)NCCC1=C[NH]C2=C1C=C(C=C2)OC(P)=NC3OF
Fitness could not be evaluated for chromosome. SMILES : CC(=O)NCCC1=C[NH]C2=C1C=C(C=C2)OCNPI
Fitness could not be evaluated for chromosome. SMILES : CC(=O)NCCC1=C[NH]C2=C1C=C(C=C2)OC=SCNBr
Fitness could not be evaluated for chromosome. SMILES : CC(=O)NCCC1=C[NH]C2=C1C=C(C=C2)OCCl
Fitness could not be evaluated for chromosome. SMILES : CC(=O)NCCC1=C[NH]C2=C1C=C(C=C2)OC#CNBr
Fitness could not be evaluated for chromosome. SMILES : CC(=O)NCCC1=C[NH]C2=C1C=C(C=C2)OC=CO
Fitness could not be evaluated for chromosome. SMILES : CC(=O)NCCC1=C[NH]C2=C1C=C(C=C2)OCP#N
Fitness could not be evaluated for chromosome. SMILES : CC(=O)NCCC1=C[NH]C2=C1C=C(C=C2)OCP#N
Fitness could not be evaluated for chromosome. SMILES : CC(=O)NCCC1=C[NH]C2=C1C=C(C=C2)OCCPC=NS[NH]N=NI
Fitness could not be evaluated for chromosome. SMILES : CC(=O)NCCC1=C[NH]C2=C1C=C(C=C2)OC=O
Fitness could not be evaluated for chromosome. SMILES : CC(=O)NCCC1=C[NH]C2=C1C=C(C=C2)OC=S=CF
Fitness could not be evaluated for chromosome. SMILES : CC(=O)NCCC1=C[NH]C2=C1C=C(C=C2)OC
Fitness could not be evaluated for chromosome. SMILES : CC(=O)NCCC1=C[NH]C2=C1C=C(C=C2)OC#CI
Fitness could not be evaluated for chromosome. SMILES : CC(=O)NCCC1=C[NH]C2=C1C=C(C=C2)OC
Fitness could not be evaluated for chromosome. SMILES : CC(=O)NCCC1=C[NH]C2=C1C=C(C=C2)OC#COSI
Fitness could not be evaluated for chromosome. SMILES : CC(=O)NCCC1=C[NH]C2=C1C=C(C=C2)OC#CS[NH]OP=O
Fitness could not be evaluated for chromosome. SMILES : C3C(=O)NCCC1=C[NH]C2=C1C=C(C=C2)OCNC=NC#CO[NH]C=NS=SP=S3=S[NH]F
Fitness could not be evaluated for chromosome. SMILES : CC(=O)NCCC1=C[NH]C2=C1C=C(C=C2)OCBr
Fitness could not be evaluated for chromosome. SMILES : CC(=O)NCCC1=C[NH]C2=C1C=C(C=C2)OC=C=NS#N
Fitness could not be evaluated for chromosome. SMILES : CC(=O)NCCC1=C[NH]C2=C1C=C(C=C2)OCP#N
Fitness could not be evaluated for chromosome. SMILES : CC(=O)NCCC1=C[NH]C2=C1C=C(C=C2)OCSCPNCl
Fitness could not be evaluated for chromosome. SMILES : CC(=O)NCCC1=C[NH]C2=C1C=C(C=C2)OCF
Fitness could not be evaluated for chromosome. SMILES : CC(=O)NCCC1=C[NH]C2=C1C=C(C=C2)OC=N
Fitness could not be evaluated for chromosome. SMILES : CC(=O)NCCC1=C[NH]C2=C1C=C(C=C2)OCCl
Fitness could not be evaluated for chromosome. SMILES : CC(=O)NCCC1=C[NH]C2=C1C=C(C=C2)OC
Fitness could not be evaluated for chromosome. SMILES : CC(=O)NCCC1=C[NH]C2=C1C=C(C=C2)OC3OP3Cl
Fitness could not be evaluated for chromosome. SMILES : CC(=O)NCCC1=C[NH]C2=C1C=C(C=C2)OCPBr
Fitness could not be evaluated for chromosome. SMILES : CC(=O)NCCC1=C[NH]C2=C1C=C(C=C2)OC#N
Fitness could not be evaluated for chromosome. SMILES : CC(=O)NCCC1=C[NH]C2=C1C=C(C=C2)OCSP[NH]N=NN=O
Fitness could not be evaluated for chromosome. SMILES : CC(=O)NCCC1=C[NH]C2=C1C=C(C=C2)OCOI
Fitness could not be evaluated for chromosome. SMILES : CC(=O)NCCC1=C[NH]C2=C1C=C(C=C2)OC=NCl
Fitness could not be evaluated for chromosome. SMILES : CC(=O)NCCC1=C[NH]C2=C1C=C(C=C2)OCI
Fitness could not be evaluated for chromosome. SMILES : CC(=O)NCCC1=C[NH]C2=C1C=C(C=C2)OC=O
Fitness could not be evaluated for chromosome. SMILES : C3C(=O)NCCC1=C[NH]C2=C1C=C(C=C2)OC3(C)Cl
Fitness could not be evaluated for chromosome. SMILES : CC(=O)NCCC1=C[NH]C2=C1C=C(C=C2)OCNC=O
Fitness could not be evaluated for chromosome. SMILES : CC(=O)NCCC1=C[NH]C2=C1C=C(C=C2)OCSI
Fitness could not be evaluated for chromosome. SMILES : CC(=O)NCCC1=C[NH]C2=C1C=C(C=C2)OC=S=O
Fitness could not be evaluated for chromosome. SMILES : CC(=O)NCCC1=C[NH]C2=C1C=C(C=C2)OCF
Fitness could not be evaluated for chromosome. SMILES : CC(=O)NCCC1=C3[NH]C2=C1C=C(C=C2)OC(=NCl)S=C3NP
Fitness could not be evaluated for chromosome. SMILES : C3C(=O)NCCC1=C[NH]C2=C1C=C(C=C2)OCON=P3(NCl)
Fitness could not be evaluated for chromosome. SMILES : CC(=O)NCCC1=C[NH]C2=C1C=C(C=C2)OC#N
Fitness could not be evaluated for chromosome. SMILES : CC(=O)NCCC1=C[NH]C2=C1C=C(C=C2)OC=C=C[NH]
Fitness could not be evaluated for chromosome. SMILES : CC(=O)NCCC1=C[NH]C2=C1C=C(C=C2)OCCl
Fitness could not be evaluated for chromosome. SMILES : CC(=O)NCCC1=C[NH]C2=C1C=C(C=C2)OCCl
Iteration: 4
Best fitness: -1000000.0
Best individual: ['[C]' '[C]' '[Branch1_2]' '[C]' '[=O]' '[N]' '[C]' '[C]' '[C]' '[=C]'
 '[NHexpl]' '[C]' '[=C]' '[Ring1]' '[Branch1_1]' '[C]' '[=C]'
 '[Branch1_1]' '[Branch1_1]' '[C]' '[=C]' '[Ring1]' '[Branch1_2]' '[O]'
 '[C]' '[Cl]' '[=C]' '[epsilon]' '[I]' '[=O]' '[I]' '[Branch1_1]' '[=S]'
 '[F]' '[C]' '[nop]' '[epsilon]' '[nop]' '[N]' '[Branch1_2]' '[epsilon]'
 '[P]' '[epsilon]' '[=N]' '[epsilon]' '[Branch1_1]' '[nop]' '[C]' '[=P]'
 '[I]']
Fitness could not be evaluated for chromosome. SMILES : CC(=O)NCCC1=C[NH]C2=C1C=C(C=C2)OC=NOSF
Fitness could not be evaluated for chromosome. SMILES : CC(=O)NC3CC1=C[NH]C2=C1C=C(C=C2)OC#CC3=P[NH]Cl
Fitness could not be evaluated for chromosome. SMILES : CC(=O)NCCC1=C[NH]C2=C1C=C(C=C2)OC[NH]N=O
Fitness could not be evaluated for chromosome. SMILES : CC(=O)NCCC1=C[NH]C2=C1C=C(C=C2)OC=NOI
Fitness could not be evaluated for chromosome. SMILES : CC(=O)NCCC1=C[NH]C2=C1C=C(C=C2)OCN=P(=S#C(F))
Fitness could not be evaluated for chromosome. SMILES : CC(=O)NCCC1=C[NH]C2=C1C=C(C=C2)OC#CI
Fitness could not be evaluated for chromosome. SMILES : CC(=O)NCCC1=C[NH]C2=C1C=C(C=C2)OC=SBr
Fitness could not be evaluated for chromosome. SMILES : CC(=O)NCCC1=C[NH]C2=C1C=C(C=C2)OC=S=C=NC#COOC(Cl)[NH]NCl
Fitness could not be evaluated for chromosome. SMILES : CC(=O)NCCC1=C[NH]C2=C1C=C(C=C2)OC#CCNPI
Fitness could not be evaluated for chromosome. SMILES : CC(=O)NCCC1=C[NH]C2=C1C=C(C=C2)OCI
Fitness could not be evaluated for chromosome. SMILES : CC(=O)NCCC1=C[NH]C2=C1C=C(C=C2)OC#C[NH]Br
Fitness could not be evaluated for chromosome. SMILES : CC(=O)NCCC1=C[NH]C2=C1C=C(C=C2)OC=NF
Fitness could not be evaluated for chromosome. SMILES : CC(=O)NCCC1=C[NH]C2=C1C=C(C=C2)OCCl
Fitness could not be evaluated for chromosome. SMILES : CC(=O)NCCC1=C[NH]C2=C1C=C(C=C2)OC
Fitness could not be evaluated for chromosome. SMILES : CC(=O)NCCC1=C[NH]C2=C1C=C(C=C2)OC
Fitness could not be evaluated for chromosome. SMILES : CC(=O)NCCC1=C[NH]C2=C1C=C(C=C2)OCNI
Fitness could not be evaluated for chromosome. SMILES : CC(=O)NCCC1=C[NH]C2=C1C=C(C=C2)OC=P#N
Fitness could not be evaluated for chromosome. SMILES : CC(=O)NCCC1=C[NH]C2=C1C=C(C=C2)OC#CS=O
Fitness could not be evaluated for chromosome. SMILES : C3C(=O)NCCC1=C[NH]C2=C1C=C(C=C2)OCN=S[NH]C3=SN=PCl
Fitness could not be evaluated for chromosome. SMILES : CC(=O)NCCC1=C[NH]C2=C1C=C(C=C2)OCC(I)I
Fitness could not be evaluated for chromosome. SMILES : CC(=O)NCCC1=C[NH]C2=C1C=C(C=C2)OCOPC=O
Fitness could not be evaluated for chromosome. SMILES : CC(=O)NCCC1=C[NH]C2=C1C=C(C=C2)OC
Fitness could not be evaluated for chromosome. SMILES : CC(=O)NCCC1=C[NH]C2=C1C=C(C=C2)OC
Fitness could not be evaluated for chromosome. SMILES : CC(=O)NCCC1=C[NH]C2=C1C=C(C=C2)OC#CP=NS=PNSO[NH]P=O
Fitness could not be evaluated for chromosome. SMILES : CC(=O)NCCC1=C[NH]C2=C1C=C(C=C2)OCOOCCPC#N
Fitness could not be evaluated for chromosome. SMILES : CC(=O)NCCC1=C[NH]C2=C1C=C(C=C2)OCP=PNBr
Fitness could not be evaluated for chromosome. SMILES : CC(=O)NCCC1=C[NH]C2=C1C=C(C=C2)OCCF
Fitness could not be evaluated for chromosome. SMILES : CC(=O)NCCC1=C[NH]C2=C1C=C(C=C2)OCONF
Fitness could not be evaluated for chromosome. SMILES : CC(=O)NCCC1=C[NH]C2=C1C=C(C=C2)OC#CF
Fitness could not be evaluated for chromosome. SMILES : CC(=O)NCCC1=C[NH]C2=C1C=C(C=C2)OC=CBr
Fitness could not be evaluated for chromosome. SMILES : CC(=O)NCCC1=C[NH]C2=C1C=C(C=C2)OCP#N
Fitness could not be evaluated for chromosome. SMILES : CC(=O)NCCC1=C[NH]C2=C1C=C(C=C2)OCCl
Fitness could not be evaluated for chromosome. SMILES : CC(=O)NCCC1=C[NH]C2=C1C=C(C=C2)OC(C)I
Fitness could not be evaluated for chromosome. SMILES : CC(=O)NCCC1=C[NH]C2=C1C=C(C=C2)OC#N
Fitness could not be evaluated for chromosome. SMILES : CC(=O)NCCC1=C[NH]C2=C1C=C(C=C2)OCPBr
Fitness could not be evaluated for chromosome. SMILES : CC(=O)NCCC1=C[NH]C2=C1C=C(C=C2)OC[NH]NF
Fitness could not be evaluated for chromosome. SMILES : CC(=O)NCCC1=C[NH]C2=C1C=C(C=C2)OCNSI
Fitness could not be evaluated for chromosome. SMILES : CC(=O)NCCC1=C[NH]C2=C1C=C(C=C2)OCCl
Fitness could not be evaluated for chromosome. SMILES : CC(=O)NCCC1=C[NH]C2=C1C=C(C=C2)OCI
Fitness could not be evaluated for chromosome. SMILES : C3C(=O)NCCC1=C[NH]C2=C1C=C(C=C2)OCOON=NN=C3SF
Fitness could not be evaluated for chromosome. SMILES : CC(=O)NCCC1=C[NH]C2=C1C=C(C=C2)OCP#N
Fitness could not be evaluated for chromosome. SMILES : CC(=O)NCCC1=C[NH]C2=C1C=C(C=C2)OCOC=O
Fitness could not be evaluated for chromosome. SMILES : CC(=O)NCCC1=C[NH]C2=C1C=C(C=C2)OC#N
Fitness could not be evaluated for chromosome. SMILES : CC(=O)NCCC1=C[NH]C2=C1C=C(C=C2)OCOSOC=S#CCl
Fitness could not be evaluated for chromosome. SMILES : CC(=O)NCCC1=C[NH]C2=C1C=C(C=C2)OC=C=C=O
Fitness could not be evaluated for chromosome. SMILES : CC(=O)NCCC1=C[NH]C2=C1C=C(C=C2)OC(I)OBr
Fitness could not be evaluated for chromosome. SMILES : CC(=O)NCCC1=C[NH]C2=C1C=C(C=C2)OC#N
Fitness could not be evaluated for chromosome. SMILES : CC(=O)NCCC1=C[NH]C2=C1C=C(C=C2)OCF
Fitness could not be evaluated for chromosome. SMILES : CC(=O)NCCC1=C[NH]C2=C1C=C(C=C2)OC[NH]C=O
Iteration: 5
Best fitness: -1000000.0
Best individual: ['[C]' '[C]' '[Branch1_2]' '[C]' '[=O]' '[N]' '[C]' '[C]' '[C]' '[=C]'
 '[NHexpl]' '[C]' '[=C]' '[Ring1]' '[Branch1_1]' '[C]' '[=C]'
 '[Branch1_1]' '[Branch1_1]' '[C]' '[=C]' '[Ring1]' '[Branch1_2]' '[O]'
 '[C]' '[NHexpl]' '[=C]' '[=O]' '[Ring1]' '[=N]' '[=P]' '[Br]' '[=C]'
 '[O]' '[#C]' '[C]' '[I]' '[O]' '[N]' '[Branch1_1]' '[I]' '[I]' '[I]'
 '[NHexpl]' '[Branch1_2]' '[Br]' '[#N]' '[=S]' '[O]' '[NHexpl]']
Fitness could not be evaluated for chromosome. SMILES : CC(=O)NCCC1=C[NH]C2=C1C=C(C=C2)OC=NI
Fitness could not be evaluated for chromosome. SMILES : CC(=O)NCCC1=C[NH]C2=C1C=C(C=C2)OCCl
Fitness could not be evaluated for chromosome. SMILES : CC(=O)NCCC1=C[NH]C2=C1C=C(C=C2)OCN(O)O
Fitness could not be evaluated for chromosome. SMILES : CC(=O)NCCC1=C[NH]C2=C1C=C(C=C2)OC#CS
Fitness could not be evaluated for chromosome. SMILES : CC(=O)NCCC1=C[NH]C2=C1C=C(C=C2)OCN=C=NI
Fitness could not be evaluated for chromosome. SMILES : CC(=O)NCCC1=C[NH]C2=C1C=C(C=C2)OC#CN
Fitness could not be evaluated for chromosome. SMILES : CC(=O)NCCC1=C[NH]C2=C1C=C(C=C2)OC=P#N
Fitness could not be evaluated for chromosome. SMILES : CC(=O)NCCC1=C[NH]C2=C1C=C(C=C2)OCOI
Fitness could not be evaluated for chromosome. SMILES : CC(=O)NCCC1=C[NH]C2=C1C=C(C=C2)OC=O
Fitness could not be evaluated for chromosome. SMILES : CC(=O)NCCC1=C[NH]C2=C1C=C(C=C2)OC
Fitness could not be evaluated for chromosome. SMILES : CC(=O)NCCC1=C[NH]C2=C1C=C(C=C2)OCCl
Fitness could not be evaluated for chromosome. SMILES : CC(=O)NCCC1=C[NH]C2=C1C=C(C=C2)OC#CBr
Fitness could not be evaluated for chromosome. SMILES : CC(=O)NCCC1=C[NH]C2=C1C=C(C=C2)OC=SBr
Fitness could not be evaluated for chromosome. SMILES : CC(=O)NCCC1=C[NH]C2=C1C=C(C=C2)OC=C=C=NC=O
Fitness could not be evaluated for chromosome. SMILES : CC(=O)NCCC1=C[NH]C2=C1C=C(C=C2)OCBr
Fitness could not be evaluated for chromosome. SMILES : CC(=O)NCCC1=C[NH]C2=C1C=C(C=C2)OCF
Fitness could not be evaluated for chromosome. SMILES : CC(=O)NCCC1=C[NH]C2=C1C=C(C=C2)OC=C=O
Fitness could not be evaluated for chromosome. SMILES : CC(=O)NCCC1=C[NH]C2=C1C=C(C=C2)OC(=C)P=O
Fitness could not be evaluated for chromosome. SMILES : CC(=O)NCCC1=C[NH]C2=C1C=C(C=C2)OC[NH]OCF
Fitness could not be evaluated for chromosome. SMILES : CC(=O)NCCC1=C[NH]C2=C1C=C(C=C2)OCCl
Fitness could not be evaluated for chromosome. SMILES : CC(=O)NCCC1=C[NH]C2=C1C=C(C=C2)OCOC=SI
Fitness could not be evaluated for chromosome. SMILES : CC(=O)NCCC1=C[NH]C2=C1C=C(C=C2)OCC#N
Fitness could not be evaluated for chromosome. SMILES : CC(=O)NCCC1=C[NH]C2=C1C=C(C=C2)OCF
Fitness could not be evaluated for chromosome. SMILES : CC(=O)NCCC1=C[NH]C2=C1C=C(C=C2)OCBr
Fitness could not be evaluated for chromosome. SMILES : CC(=O)NCCC1=C[NH]C2=C1C=C(C=C2)OC
Fitness could not be evaluated for chromosome. SMILES : CC(=O)NCCC1=C[NH]C2=C1C=C(C=C2)OCOP
Fitness could not be evaluated for chromosome. SMILES : CC(=O)NCCC1=C[NH]C2=C1C=C(C=C2)OCOC#N
Fitness could not be evaluated for chromosome. SMILES : C3C(=O)NCCC1=C[NH]C2=C1C=C(C=C2)OC3=NBr
Fitness could not be evaluated for chromosome. SMILES : CC(=O)NCCC1=C[NH]C2=C1C=C(C=C2)OCON=C=O
Fitness could not be evaluated for chromosome. SMILES : CC(=O)NCCC1=C[NH]C2=C1C=C(C=C2)OC=C[NH]F
Fitness could not be evaluated for chromosome. SMILES : CC(=O)NCCC1=C[NH]C2=C1C=C(C=C2)OC(C)I
Fitness could not be evaluated for chromosome. SMILES : CC(=O)NCCC1=C[NH]C2=C1C=C(C=C2)OCCl
Fitness could not be evaluated for chromosome. SMILES : CC(=O)NCCC1=C[NH]C2=C1C=C(C=C2)OC#P(=PC=P)Cl
Fitness could not be evaluated for chromosome. SMILES : CC(=O)NCCC1=C[NH]C2=C1C=C(C=C2)OC=O
Fitness could not be evaluated for chromosome. SMILES : CC(=O)NCCC1=C[NH]C2=C1C=C(C=C2)OCF
Fitness could not be evaluated for chromosome. SMILES : CC(=O)NCCC1=C[NH]C2=C1C=C(C=C2)OC([NH]PCBr)Cl
Fitness could not be evaluated for chromosome. SMILES : CC(=O)NCCC1=C[NH]C2=C1C=C(C=C2)OCN=C=NSBr
Fitness could not be evaluated for chromosome. SMILES : CC(=O)NCCC1=C[NH]C2=C1C=C(C=C2)OCOC=O
Fitness could not be evaluated for chromosome. SMILES : CC(=O)NCCC1=C[NH]C2=C1C=C(C=C2)OCP=CF
Fitness could not be evaluated for chromosome. SMILES : CC(=O)NCCC1=C[NH]C2=C1C=C(C=C2)OCCl
Fitness could not be evaluated for chromosome. SMILES : CC(=O)NCCC1=C[NH]C2=C1C=C(C=C2)OC=SF
Fitness could not be evaluated for chromosome. SMILES : CC(=O)NCCC1=C[NH]C2=C1C=C(C=C2)OCF
Fitness could not be evaluated for chromosome. SMILES : CC(=O)NCCC1=C[NH]C2=C1C=C(C=C2)OCF
Fitness could not be evaluated for chromosome. SMILES : CC(=O)NCCC1=C[NH]C2=C1C=C(C=C2)OCC=SI
Fitness could not be evaluated for chromosome. SMILES : CC(=O)NCCC1=C[NH]C2=C1C=C(C=C2)OCF
Fitness could not be evaluated for chromosome. SMILES : CC(=O)NCCC1=C[NH]C2=C1C=C(C=C2)OC
Fitness could not be evaluated for chromosome. SMILES : CC(=O)NCCC1=C[NH]C2=C1C=C(C=C2)OCI
Fitness could not be evaluated for chromosome. SMILES : CC(=O)NCCC1=C[NH]C2=C1C=C(C=C2)OCN
Fitness could not be evaluated for chromosome. SMILES : CC(=O)NCCC1=C[NH]C2=C1C=C(C=C2)OCN
Iteration: 6
Best fitness: -1000000.0
Best individual: ['[C]' '[C]' '[Branch1_2]' '[C]' '[=O]' '[N]' '[C]' '[C]' '[C]' '[=C]'
 '[NHexpl]' '[C]' '[=C]' '[Ring1]' '[Branch1_1]' '[C]' '[=C]'
 '[Branch1_1]' '[Branch1_1]' '[C]' '[=C]' '[Ring1]' '[Branch1_2]' '[O]'
 '[C]' '[N]' '[epsilon]' '[S]' '[=C]' '[Ring1]' '[Cl]' '[=N]' '[NHexpl]'
 '[=C]' '[=S]' '[C]' '[#C]' '[P]' '[nop]' '[O]' '[C]' '[F]' '[F]' '[#C]'
 '[epsilon]' '[epsilon]' '[nop]' '[nop]' '[Branch1_1]' '[epsilon]']
Fitness could not be evaluated for chromosome. SMILES : CC(=O)NCCC1=C[NH]C2=C1C=C(C=C2)OC#CBr
Fitness could not be evaluated for chromosome. SMILES : CC(=O)NCCC1=C[NH]C2=C1C=C(C=C2)OCCl
Fitness could not be evaluated for chromosome. SMILES : CC(=O)NCCC1=C[NH]C2=C1C=C(C=C2)OCOC=PP=SF
Fitness could not be evaluated for chromosome. SMILES : CC(=O)NCCC1=C[NH]C2=C1C=C(C=C2)OCCl
Fitness could not be evaluated for chromosome. SMILES : CC(=O)NCCC1=C[NH]C2=C1C=C(C=C2)OCCl
Fitness could not be evaluated for chromosome. SMILES : CC(=O)NCCC1=C[NH]C2=C1C=C(C=C2)OC(=C)ONOS=C([NH]PBr)
Fitness could not be evaluated for chromosome. SMILES : CC(=O)NCCC1=C[NH]C2=C1C=C(C=C2)OCPN(C=O)N
Fitness could not be evaluated for chromosome. SMILES : CC(=O)NCCC1=C[NH]C2=C1C=C(C=C2)OCF
Fitness could not be evaluated for chromosome. SMILES : CC(=O)NCCC1=C[NH]C2=C1C=C(C=C2)OCCl
Fitness could not be evaluated for chromosome. SMILES : CC(=O)NCCC1=C[NH]C2=C1C=C(C=C2)OC#CP=NC=O
Fitness could not be evaluated for chromosome. SMILES : CC(=O)NCCC1=C[NH]C2=C1C=C(C=C2)OC#N
Fitness could not be evaluated for chromosome. SMILES : CC(=O)NCCC1=C[NH]C2=C1C=C(C=C2)OC#N
Fitness could not be evaluated for chromosome. SMILES : CC(=O)NCCC1=C[NH]C2=C1C=C(C=C2)OC[NH]PCF
Fitness could not be evaluated for chromosome. SMILES : CC(=O)NCCC1=C[NH]C2=C1C=C(C=C2)OC#CBr
Fitness could not be evaluated for chromosome. SMILES : C3C(=O)NCCC1=C[NH]C2=C1C=C(C=C2)OCS=CC=S3=NC(C)F
Fitness could not be evaluated for chromosome. SMILES : CC(=O)NCCC1=C[NH]C2=C1C=C(C=C2)OCI
Fitness could not be evaluated for chromosome. SMILES : CC(=O)NCCC1=C[NH]C2=C1C=C(C=C2)OCF
Fitness could not be evaluated for chromosome. SMILES : CC(=O)NCCC1=C[NH]C2=C1C=C(C=C2)OCBr
Fitness could not be evaluated for chromosome. SMILES : CC(=O)NCCC1=C[NH]C2=C1C=C(C=C2)OCONI
Fitness could not be evaluated for chromosome. SMILES : CC(=O)NCCC1=C[NH]C2=C1C=C(C=C2)OCF
Fitness could not be evaluated for chromosome. SMILES : CC(=O)NCCC1=C[NH]C2=C1C=C(C=C23)OC=NP3I
Fitness could not be evaluated for chromosome. SMILES : CC(=O)NCCC1=C[NH]C2=C1C=C(C=C2)OC=SONCl
Fitness could not be evaluated for chromosome. SMILES : CC(=O)NCCC1=C[NH]C2=C1C=C(C=C2)OCI
Fitness could not be evaluated for chromosome. SMILES : CC(=O)NCCC1=C[NH]C2=C1C=C(C=C2)OC=O
Fitness could not be evaluated for chromosome. SMILES : CC(=O)NCCC1=C[NH]C2=C1C=C(C=C2)OC=O
Fitness could not be evaluated for chromosome. SMILES : CC(=O)NCCC1=C[NH]C2=C1C=C(C=C2)OCF
Fitness could not be evaluated for chromosome. SMILES : CC(=O)NCCC1=C[NH]C2=C1C=C(C=C2)OCI
Fitness could not be evaluated for chromosome. SMILES : CC(=O)NCCC1=C[NH]C2=C1C=C(C=C2)OC#C
Fitness could not be evaluated for chromosome. SMILES : CC(=O)NCCC1=C[NH]C2=C1C=C(C=C2)OC=S=C=O
Fitness could not be evaluated for chromosome. SMILES : CC(=O)NCCC1=C[NH]C2=C1C=C(C=C2)OCOCl
Fitness could not be evaluated for chromosome. SMILES : CC(=O)NCCC1=C[NH]C2=C1C=C(C=C2)OC#CBr
Fitness could not be evaluated for chromosome. SMILES : CC(=O)NCCC1=C[NH]C2=C1C=C(C=C2)OC#N
Fitness could not be evaluated for chromosome. SMILES : CC(=O)NCCC1=C[NH]C2=C1C=C(C=C2)OC
Fitness could not be evaluated for chromosome. SMILES : CC(=O)NCCC1=C[NH]C2=C1C=C(C=C2)OC(N)S(I)Br
Fitness could not be evaluated for chromosome. SMILES : CC(=O)NCCC1=C[NH]C2=C1C=C(C=C2)OCCl
Fitness could not be evaluated for chromosome. SMILES : CC(=O)NCCC1=C[NH]C2=C1C=C(C=C2)OCBr
Fitness could not be evaluated for chromosome. SMILES : CC(=O)NCCC1=C[NH]C2=C1C=C(C=C2)OCCl
Fitness could not be evaluated for chromosome. SMILES : CC(=O)NCCC1=C[NH]C2=C1C=C(C=C2)OC#CON=O
Fitness could not be evaluated for chromosome. SMILES : CC(=O)NCCC1=C[NH]C2=C1C=C(C=C2)OCNPCl
Fitness could not be evaluated for chromosome. SMILES : CC(=O)NCCC1=C[NH]C2=C1C=C(C=C2)OC=NBr
Fitness could not be evaluated for chromosome. SMILES : CC(=O)NCCC1=C[NH]C2=C1C=C(C=C2)OC=CNON(F)Cl
Fitness could not be evaluated for chromosome. SMILES : CC(=O)NCCC1=C[NH]C2=C1C=C(C=C2)OC=S=O
Fitness could not be evaluated for chromosome. SMILES : CC(=O)NCCC1=C[NH]C2=C1C=C(C=C2)OCOC=O
Fitness could not be evaluated for chromosome. SMILES : CC(=O)NCCC1=C[NH]C2=C1C=C(C=C2)OC=P(N(OI)Br)F
Fitness could not be evaluated for chromosome. SMILES : CC(=O)NCCC1=C[NH]C2=C1C=C(C=C2)OC#CCCl
Fitness could not be evaluated for chromosome. SMILES : CC(=O)NCCC1=C[NH]C2=C1C=C(C=C2)OC=P[NH]Br
Fitness could not be evaluated for chromosome. SMILES : CC(=O)NCCC1=C[NH]C2=C1C=C(C=C2)OCOPCI
Fitness could not be evaluated for chromosome. SMILES : CC(=O)NCCC1=C[NH]C2=C1C=C(C=C2)OCCl
Fitness could not be evaluated for chromosome. SMILES : CC(=O)NCCC1=C[NH]C2=C1C=C(C=C2)OCCl
Iteration: 7
Best fitness: -1000000.0
Best individual: ['[C]' '[C]' '[Branch1_2]' '[C]' '[=O]' '[N]' '[C]' '[C]' '[C]' '[=C]'
 '[NHexpl]' '[C]' '[=C]' '[Ring1]' '[Branch1_1]' '[C]' '[=C]'
 '[Branch1_1]' '[Branch1_1]' '[C]' '[=C]' '[Ring1]' '[Branch1_2]' '[O]'
 '[C]' '[Cl]' '[=P]' '[Ring2]' '[Cl]' '[S]' '[I]' '[=S]' '[Ring2]' '[N]'
 '[Ring1]' '[=O]' '[I]' '[C]' '[NHexpl]' '[epsilon]' '[NHexpl]' '[nop]'
 '[I]' '[I]' '[#N]' '[nop]' '[Ring1]' '[=N]' '[Br]' '[F]']
Fitness could not be evaluated for chromosome. SMILES : CC(=O)NCCC1=C[NH]C2=C1C=C(C=C2)OC#N
Fitness could not be evaluated for chromosome. SMILES : CC(=O)NCCC1=C[NH]C2=C1C=C(C=C2)OC=S3ON=NO3
Fitness could not be evaluated for chromosome. SMILES : CC(=O)NCCC1=C[NH]C2=C1C=C(C=C23)OC=NP3=SI
Fitness could not be evaluated for chromosome. SMILES : CC(=O)NCCC1=C[NH]C2=C1C=C(C=C2)OC#CF
Fitness could not be evaluated for chromosome. SMILES : CC(=O)NCCC1=C[NH]C2=C1C=C(C=C2)OC
Fitness could not be evaluated for chromosome. SMILES : CC(=O)NCCC1=C[NH]C2=C1C=C(C=C2)OCBr
Fitness could not be evaluated for chromosome. SMILES : CC(=O)NCCC1=C[NH]C2=C1C=C(C=C2)OCP=C=C
Fitness could not be evaluated for chromosome. SMILES : CC(=O)NCCC1=C[NH]C2=C1C=C(C=C2)OCI
Fitness could not be evaluated for chromosome. SMILES : CC(=O)NCCC1=C[NH]C2=C1C=C(C=C2)OC=C(P)N=C(C)Br
Fitness could not be evaluated for chromosome. SMILES : CC(=O)NCCC1=C[NH]C2=C1C=C(C=C2)OCS#CNF
Fitness could not be evaluated for chromosome. SMILES : CC(=O)NCCC1=C[NH]C2=C1C=C(C=C2)OC[NH]P=NP#N
Fitness could not be evaluated for chromosome. SMILES : CC(=O)NCCC1=C[NH]C2=C1C=C(C=C2)OC=NNN(O)NC=PPON=P[NH]Br
Fitness could not be evaluated for chromosome. SMILES : CC(=O)NCCC1=C[NH]C2=C1C=C(C=C23)OC3[NH]N=NNC#CBr
Fitness could not be evaluated for chromosome. SMILES : CC(=O)NCCC1=C[NH]C2=C1C=C(C=C2)OC(I)CF
Fitness could not be evaluated for chromosome. SMILES : C3C(=O)NCCC1=C[NH]C2=C1C=C(C=C2)OC3N=NCl
Fitness could not be evaluated for chromosome. SMILES : CC(=O)NCCC1=C[NH]C2=C1C=C(C=C2)OCCI
Fitness could not be evaluated for chromosome. SMILES : CC(=O)NCCC1=C[NH]C2=C1C=C(C=C2)OCNPN(F)SCl
Fitness could not be evaluated for chromosome. SMILES : CC(=O)NCCC1=C[NH]C2=C1C=C(C=C2)OC=NI
Fitness could not be evaluated for chromosome. SMILES : CC(=O)NCCC1=C[NH]C2=C1C=C(C=C2)OC#P=C
Fitness could not be evaluated for chromosome. SMILES : CC(=O)NCCC1=C[NH]C2=C1C=C(C=C2)OCOC=SC(OS=P)Br
Fitness could not be evaluated for chromosome. SMILES : CC(=O)NCCC1=C[NH]C2=C1C=C(C=C2)OCOONOPOP=S#C[NH]P[NH]SPON=S=C=S=C
Fitness could not be evaluated for chromosome. SMILES : CC(=O)NCCC1=C[NH]C2=C1C=C(C=C2)OC
Fitness could not be evaluated for chromosome. SMILES : CC(=O)NCCC1=C[NH]C2=C1C=C(C=C2)OC[NH]F
Fitness could not be evaluated for chromosome. SMILES : CC(=O)NC3CC1=C[NH]C2=C1C=C(C=C2)OC3=SON=CC=PC=CON=O
Fitness could not be evaluated for chromosome. SMILES : CC(=O)NCCC1=C[NH]C2=C1C=C(C=C2)OC#N
Fitness could not be evaluated for chromosome. SMILES : CC(=O)NCCC1=C[NH]C2=C1C=C(C=C2)OCSI
Fitness could not be evaluated for chromosome. SMILES : CC(=O)NCCC1=C[NH]C2=C1C=C(C=C2)OCS
Fitness could not be evaluated for chromosome. SMILES : CC(=O)NCCC1=C[NH]C2=C1C=C(C=C2)OCCl
Fitness could not be evaluated for chromosome. SMILES : CC(=O)NCCC1=C[NH]C2=C1C=C(C=C2)OC=P[NH][NH]
Fitness could not be evaluated for chromosome. SMILES : CC(=O)NCCC1=C[NH]C2=C1C=C(C=C2)OCF
Fitness could not be evaluated for chromosome. SMILES : CC(=O)NCCC1=C[NH]C2=C1C=C(C=C2)OCF
Fitness could not be evaluated for chromosome. SMILES : CC(=O)NCCC1=C[NH]C2=C1C=C(C=C2)OC=P[NH]Br
Fitness could not be evaluated for chromosome. SMILES : CC(=O)NCCC1=C[NH]C2=C1C=C(C=C2)OCCl
Fitness could not be evaluated for chromosome. SMILES : CC(=O)NCCC1=C[NH]C2=C1C=C(C=C2)OC=SOF
Fitness could not be evaluated for chromosome. SMILES : CC(=O)NCCC1=C[NH]C2=C1C=C(C=C2)OC=S#N
Fitness could not be evaluated for chromosome. SMILES : CC(=O)NCCC1=C[NH]C2=C1C=C(C=C2)OCCl
Fitness could not be evaluated for chromosome. SMILES : CC(=O)NCCC1=C[NH]C2=C1C=C(C=C2)OC(NONC(P)=NOOS)O
Fitness could not be evaluated for chromosome. SMILES : CC(=O)NCCC1=C[NH]C2=C1C=C(C=C2)OCPC=PF
Fitness could not be evaluated for chromosome. SMILES : CC(=O)NCCC1=C[NH]C2=C1C=C(C=C2)OC#COOF
Fitness could not be evaluated for chromosome. SMILES : CC(=O)NCCC1=C[NH]C2=C1C=C(C=C2)OCBr
Fitness could not be evaluated for chromosome. SMILES : CC(=O)NCCC1=C[NH]C2=C1C=C(C=C2)OCOPBr
Fitness could not be evaluated for chromosome. SMILES : CC(=O)NCCC1=C[NH]C2=C1C=C(C=C2)OCCF
Fitness could not be evaluated for chromosome. SMILES : CC(=O)NCCC1=C[NH]C2=C1C=C(C=C2)OC#N
Fitness could not be evaluated for chromosome. SMILES : CC(=O)NCCC1=C[NH]C2=C1C=C(C=C2)OC=O
Fitness could not be evaluated for chromosome. SMILES : CC(=O)NCCC1=C[NH]C2=C1C=C(C=C2)OC(S=S(N)PI)P#C
Fitness could not be evaluated for chromosome. SMILES : CC(=O)NCCC1=C[NH]C2=C1C=C(C=C2)OCF
Fitness could not be evaluated for chromosome. SMILES : CC(=O)NCCC1=C[NH]C2=C1C=C(C=C2)OCON=N
Fitness could not be evaluated for chromosome. SMILES : CC(=O)N3CCC1=C[NH]C2=C1C=C(C=C2)OC=NP3F
Fitness could not be evaluated for chromosome. SMILES : CC(=O)NCCC1=C[NH]C2=C1C=C(C=C2)OC=SOOCN=POP(P#CN=NS)I
Iteration: 8
Best fitness: -1000000.0
Best individual: ['[C]' '[C]' '[Branch1_2]' '[C]' '[=O]' '[N]' '[C]' '[C]' '[C]' '[=C]'
 '[NHexpl]' '[C]' '[=C]' '[Ring1]' '[Branch1_1]' '[C]' '[=C]'
 '[Branch1_1]' '[Branch1_1]' '[C]' '[=C]' '[Ring1]' '[Branch1_2]' '[O]'
 '[C]' '[=S]' '[O]' '[O]' '[C]' '[N]' '[=P]' '[O]' '[P]' '[nop]'
 '[Branch1_2]' '[=N]' '[P]' '[#C]' '[Ring2]' '[NHexpl]' '[C]'
 '[Branch1_1]' '[N]' '[=N]' '[Branch1_1]' '[=S]' '[nop]' '[Ring2]'
 '[epsilon]' '[I]']
Fitness could not be evaluated for chromosome. SMILES : CC(=O)NCCC1=C[NH]C2=C1C=C(C=C2)OC(=N)N(CP=O)Br
Fitness could not be evaluated for chromosome. SMILES : CC(=O)NCCC1=C[NH]C2=C1C=C(C=C2)OC
Fitness could not be evaluated for chromosome. SMILES : CC(=O)NCCC1=C[NH]C2=C1C=C(C=C23)OCOOON=S[NH]POP=S=C3
Fitness could not be evaluated for chromosome. SMILES : CC(=O)NCCC1=C[NH]C2=C1C=C(C=C2)OCOF
Fitness could not be evaluated for chromosome. SMILES : CC(=O)NCCC1=C[NH]C2=C1C=C(C=C2)OCCl
Fitness could not be evaluated for chromosome. SMILES : CC(=O)NCCC1=C[NH]C2=C1C=C(C=C2)OC(O)(P)N=O
Fitness could not be evaluated for chromosome. SMILES : CC(=O)NCCC1=C[NH]C2=C1C=C(C=C2)OCNSNS(=P)F
Fitness could not be evaluated for chromosome. SMILES : CC(=O)NCCC1=C[NH]C2=C1C=C(C=C2)OCC#CP(Cl)[NH]CCl
Fitness could not be evaluated for chromosome. SMILES : CC(=O)NCCC1=C[NH]C2=C1C=C(C=C2)OC=C[NH]SP
Fitness could not be evaluated for chromosome. SMILES : CC(=O)NCCC1=C[NH]C2=C1C=C(C=C2)OCPOF
Fitness could not be evaluated for chromosome. SMILES : CC(=O)NCCC1=C[NH]C2=C1C=C(C=C23)OC3=N
Fitness could not be evaluated for chromosome. SMILES : CC(=O)NCCC1=C[NH]C2=C1C=C(C=C2)OCBr
Fitness could not be evaluated for chromosome. SMILES : CC(=O)NCCC1=C[NH]C2=C1C=C(C=C2)OC([NH])Cl
Fitness could not be evaluated for chromosome. SMILES : CC(=O)NCCC1=C[NH]C2=C1C=C(C=C2)OC=C=S(C)Br
Fitness could not be evaluated for chromosome. SMILES : CC(=O)NCCC1=C[NH]C2=C1C=C(C=C2)OCOS=O
Fitness could not be evaluated for chromosome. SMILES : CC(=O)NCCC1=C[NH]C2=C1C=C(C=C2)OC
Fitness could not be evaluated for chromosome. SMILES : CC(=O)NCCC1=C[NH]C2=C1C=C(C=C2)OC=S=CI
Fitness could not be evaluated for chromosome. SMILES : CC(=O)NCCC1=C[NH]C2=C1C=C(C=C2)OCPCl
Fitness could not be evaluated for chromosome. SMILES : CC(=O)NCCC1=C[NH]C2=C1C=C(C=C2)OCPS=P(N)#N
Fitness could not be evaluated for chromosome. SMILES : CC(=O)NCCC1=C[NH]C2=C1C=C(C=C2)OC=P=S=CI
Fitness could not be evaluated for chromosome. SMILES : CC(=O)NCCC1=C[NH]C2=C1C=C(C=C2)OCSCl
Fitness could not be evaluated for chromosome. SMILES : CC(=O)NCCC1=C[NH]C2=C1C=C(C=C2)OCONNNF
Fitness could not be evaluated for chromosome. SMILES : CC(=O)NCCC1=C[NH]C2=C1C=C(C=C2)OC(=NPF)CNS#CS
Fitness could not be evaluated for chromosome. SMILES : CC(=O)NCCC1=C[NH]C2=C1C=C(C=C2)OC(C#N)=NOP=PSCl
Fitness could not be evaluated for chromosome. SMILES : CC(=O)NCCC1=C[NH]C2=C1C=C(C=C2)OCC(=P#N)N[NH]P#N
Fitness could not be evaluated for chromosome. SMILES : CC(=O)NCCC1=C[NH]C2=C1C=C(C=C2)OC=N
Fitness could not be evaluated for chromosome. SMILES : CC(=O)NCCC1=C[NH]C2=C1C=C(C=C2)OC=O
Fitness could not be evaluated for chromosome. SMILES : C3C(=O)NCCC1=C[NH]C2=C1C=C(C=C2)OC=S3=O
Fitness could not be evaluated for chromosome. SMILES : CC(=O)NCCC1=C[NH]C2=C1C=C(C=C2)OC=C=O
Fitness could not be evaluated for chromosome. SMILES : CC(=O)NCCC1=C[NH]C2=C1C=C(C=C2)OCF
Fitness could not be evaluated for chromosome. SMILES : CC(=O)NCCC1=C[NH]C2=C1C=C(C=C2)OCF
Fitness could not be evaluated for chromosome. SMILES : CC(=O)NCCC1=C[NH]C2=C1C=C(C=C2)OC#C
Fitness could not be evaluated for chromosome. SMILES : CC(=O)NCCC1=C[NH]C2=C1C=C(C=C2)OCF
Fitness could not be evaluated for chromosome. SMILES : CC(=O)NCCC1=C[NH]C2=C1C=C(C=C2)OC[NH]PCl
Fitness could not be evaluated for chromosome. SMILES : CC(=O)NCCC1=C[NH]C2=C1C=C(C=C2)OCI
Fitness could not be evaluated for chromosome. SMILES : CC(=O)NCCC1=C[NH]C2=C1C=C(C=C2)OC=SN=CP=O
Fitness could not be evaluated for chromosome. SMILES : CC(=O)NCCC1=C[NH]C2=C1C=C(C=C2)OCS
Fitness could not be evaluated for chromosome. SMILES : CC(=O)NCCC1=C[NH]C2=C1C=C(C=C2)OC(O)OBr
Fitness could not be evaluated for chromosome. SMILES : CC(=O)NCCC1=C[NH]C2=C1C=C(C=C2)OCF
Fitness could not be evaluated for chromosome. SMILES : CC(=O)NCCC1=C[NH]C2=C1C=C(C=C2)OCS=NCI
Fitness could not be evaluated for chromosome. SMILES : CC(=O)NCCC1=C[NH]C2=C1C=C(C=C2)OC
Fitness could not be evaluated for chromosome. SMILES : CC(=O)N3CCC1=C4[NH]C2=C1C=C(C=C2)OCNS34F
Fitness could not be evaluated for chromosome. SMILES : CC(=O)NCCC1=C[NH]C2=C1C=C(C=C2)OC=NN=NP
Fitness could not be evaluated for chromosome. SMILES : CC(=O)NCCC1=C[NH]C2=C1C=C(C=C2)OCS[NH]Br
Fitness could not be evaluated for chromosome. SMILES : CC(=O)NCCC1=C[NH]C2=C1C=C(C=C2)OCCl
Fitness could not be evaluated for chromosome. SMILES : CC(=O)NCCC1=C[NH]C2=C1C=C(C=C2)OCCl
Fitness could not be evaluated for chromosome. SMILES : C3C(=O)NCCC1=C[NH]C2=C1C=C(C=C2)OC3[NH]NP=CNN=NNCl
Fitness could not be evaluated for chromosome. SMILES : CC(=O)NCCC1=C[NH]C2=C1C=C(C=C2)OCPI
Fitness could not be evaluated for chromosome. SMILES : CC(=O)NCCC1=C[NH]C2=C1C=C(C=C2)OC=S=C=CF
Iteration: 9
Best fitness: -1000000.0
Best individual: ['[C]' '[C]' '[Branch1_2]' '[C]' '[=O]' '[N]' '[C]' '[C]' '[C]' '[=C]'
 '[NHexpl]' '[C]' '[=C]' '[Ring1]' '[Branch1_1]' '[C]' '[=C]'
 '[Branch1_1]' '[Branch1_1]' '[C]' '[=C]' '[Ring1]' '[Branch1_2]' '[O]'
 '[C]' '[=S]' '[=C]' '[=C]' '[F]' '[=P]' '[=C]' '[=P]' '[P]' '[P]'
 '[Branch1_2]' '[epsilon]' '[Branch1_2]' '[=C]' '[=N]' '[=O]' '[Ring2]'
 '[nop]' '[F]' '[Ring2]' '[Branch1_1]' '[=C]' '[epsilon]' '[Ring2]'
 '[Ring1]' '[Ring2]']
Fitness could not be evaluated for chromosome. SMILES : CC(=O)NCCC1=C[NH]C2=C1C=C(C=C2)OCCl
Fitness could not be evaluated for chromosome. SMILES : CC(=O)NCCC1=C[NH]C2=C1C=C(C=C2)OC
Fitness could not be evaluated for chromosome. SMILES : CC(=O)NCCC1=C[NH]C2=C1C=C(C=C2)OCCCl
Fitness could not be evaluated for chromosome. SMILES : CC(=O)NCCC1=C[NH]C2=C1C=C(C=C2)OCCl
Fitness could not be evaluated for chromosome. SMILES : CC(=O)NCCC1=C[NH]C2=C1C=C(C=C2)OCSS=PF
Fitness could not be evaluated for chromosome. SMILES : CC(=O)NCCC1=C[NH]C2=C1C=C(C=C2)OC#CI
Fitness could not be evaluated for chromosome. SMILES : CC(=O)NCCC1=C[NH]C2=C1C=C(C=C2)OCCON[NH]I
Fitness could not be evaluated for chromosome. SMILES : CC(=O)NCCC1=C[NH]C2=C1C=C(C=C2)OCF
Fitness could not be evaluated for chromosome. SMILES : CC(=O)NCCC1=C[NH]C2=C1C=C(C=C2)OCOI
Fitness could not be evaluated for chromosome. SMILES : CC(=O)NCCC1=C[NH]C2=C1C=C(C=C2)OC#COS#CF
Fitness could not be evaluated for chromosome. SMILES : CC(=O)NCCC1=C[NH]C2=C1C=C(C=C2)OCI
Fitness could not be evaluated for chromosome. SMILES : CC(=O)NCCC1=C[NH]C2=C1C=C(C=C2)OC#CCBr
Fitness could not be evaluated for chromosome. SMILES : CC(=O)NCCC1=C[NH]C2=C1C=C(C=C2)OCCl
Fitness could not be evaluated for chromosome. SMILES : CC(=O)NCCC1=C3[NH]C2=C1C=C(C=C2)OC=C3(P=C(F)F)
Fitness could not be evaluated for chromosome. SMILES : CC(=O)NCCC1=C[NH]C2=C1C=C(C=C2)OCCl
Fitness could not be evaluated for chromosome. SMILES : CC(=O)NCCC1=C[NH]C2=C1C=C(C=C23)OC3=O
Fitness could not be evaluated for chromosome. SMILES : CC(=O)NCCC1=C[NH]C2=C1C=C(C=C2)OC#CCI
Fitness could not be evaluated for chromosome. SMILES : CC(=O)NCCC1=C[NH]C2=C1C=C(C=C2)OCCSCCl
Fitness could not be evaluated for chromosome. SMILES : C3C(=O)NCCC1=C[NH]C2=C1C=C(C=C2)OC#CO[NH]N(P)C3S
Fitness could not be evaluated for chromosome. SMILES : CC(=O)NCCC1=C[NH]C2=C1C=C(C=C2)OCF
Fitness could not be evaluated for chromosome. SMILES : C3C(=O)NCCC1=C[NH]C2=C1C=C(C=C2)OC3=S(I)
Fitness could not be evaluated for chromosome. SMILES : CC(=O)NCCC1=C[NH]C2=C1C=C(C=C2)OCOF
Fitness could not be evaluated for chromosome. SMILES : CC(=O)NCCC1=C[NH]C2=C1C=C(C=C2)OC=O
Fitness could not be evaluated for chromosome. SMILES : CC(=O)NCCC1=C[NH]C2=C1C=C(C=C2)OCI
Fitness could not be evaluated for chromosome. SMILES : CC(=O)NCCC1=C[NH]C2=C1C=C(C=C2)OCNCOOCNOF
Fitness could not be evaluated for chromosome. SMILES : CC(=O)NCCC1=C[NH]C2=C1C=C(C=C2)OC[NH]S=S=NCl
Fitness could not be evaluated for chromosome. SMILES : CC(=O)NCCC1=C[NH]C2=C1C=C(C=C2)OCCO[NH]C[NH]C=NPF
Fitness could not be evaluated for chromosome. SMILES : CC(=O)NCCC1=C[NH]C2=C1C=C(C=C2)OCCS=NI
Fitness could not be evaluated for chromosome. SMILES : CC(=O)NCCC1=C[NH]C2=C1C=C(C=C2)OCCBr
Fitness could not be evaluated for chromosome. SMILES : CC(=O)NCCC1=C[NH]C2=C1C=C(C=C2)OCCl
Fitness could not be evaluated for chromosome. SMILES : CC(=O)NCCC1=C[NH]C2=C1C=C(C=C2)OC[NH]I
Fitness could not be evaluated for chromosome. SMILES : CC(=O)NCCC1=C[NH]C2=C1C=C(C=C2)OCBr
Fitness could not be evaluated for chromosome. SMILES : CC(=O)NCCC1=C[NH]C2=C1C=C(C=C2)OCSS=P=O
Fitness could not be evaluated for chromosome. SMILES : CC(=O)NCCC1=C[NH]C2=C1C=C(C=C2)OC=S
Fitness could not be evaluated for chromosome. SMILES : CC(=O)NCCC1=C[NH]C2=C1C=C(C=C2)OC=S=NC=P=CI
Fitness could not be evaluated for chromosome. SMILES : CC(=O)NCCC1=C[NH]C2=C1C=C(C3=C2)OC=S3=P#N
Fitness could not be evaluated for chromosome. SMILES : CC(=O)NCCC1=C[NH]C2=C1C=C(C=C2)OC#CSCl
Fitness could not be evaluated for chromosome. SMILES : CC(=O)NCCC1=C[NH]C2=C1C=C(C=C2)OC
Fitness could not be evaluated for chromosome. SMILES : CC(=O)NCCC1=C[NH]C2=C1C=C(C=C2)OCC#N
Fitness could not be evaluated for chromosome. SMILES : CC(=O)NCCC1=C[NH]C2=C1C=C(C=C2)OCN=O
Fitness could not be evaluated for chromosome. SMILES : CC(=O)NCCC1=C[NH]C2=C1C=C(C=C2)OC=PF
Fitness could not be evaluated for chromosome. SMILES : CC(=O)NCCC1=C[NH]C2=C1C=C(C=C2)OCI
Fitness could not be evaluated for chromosome. SMILES : CC(=O)NCCC1=C[NH]C2=C1C=C(C=C2)OC=S=PPPPCl
Fitness could not be evaluated for chromosome. SMILES : CC(=O)NCCC1=C[NH]C2=C1C=C(C=C2)OC=SC
Fitness could not be evaluated for chromosome. SMILES : CC(=O)NCCC1=C[NH]C2=C1C=C(C=C2)OCC=S(=N)[NH]
Fitness could not be evaluated for chromosome. SMILES : CC(=O)NCCC1=C[NH]C2=C1C=C(C=C2)OCNS(S)#CC#N
Fitness could not be evaluated for chromosome. SMILES : CC(=O)NCCC1=C3[NH]C2=C1C=C(C=C2)OC(SI)P[NH][NH]P3#N
Fitness could not be evaluated for chromosome. SMILES : CC(=O)NCCC1=C[NH]C2=C1C=C(C=C2)OCF
Fitness could not be evaluated for chromosome. SMILES : CC(=O)NCCC1=C[NH]C2=C1C=C(C=C2)OCF
Iteration: 10
Best fitness: -1000000.0
Best individual: ['[C]' '[C]' '[Branch1_2]' '[C]' '[=O]' '[N]' '[C]' '[C]' '[C]' '[=C]'
 '[NHexpl]' '[C]' '[=C]' '[Ring1]' '[Branch1_1]' '[C]' '[=C]'
 '[Branch1_1]' '[Branch1_1]' '[C]' '[=C]' '[Ring1]' '[Branch1_2]' '[O]'
 '[C]' '[Ring2]' '[=O]' '[NHexpl]' '[F]' '[=C]' '[NHexpl]' '[=N]'
 '[Branch1_2]' '[F]' '[#N]' '[N]' '[Cl]' '[#C]' '[nop]' '[nop]' '[C]'
 '[P]' '[=N]' '[=N]' '[O]' '[F]' '[=N]' '[NHexpl]' '[Ring2]' '[C]']
Fitness could not be evaluated for chromosome. SMILES : CC(=O)NCCC1=C[NH]C2=C1C=C(C=C2)OC#CC(N)SF
Fitness could not be evaluated for chromosome. SMILES : CC(=O)NCCC1=C[NH]C2=C1C=C(C=C2)OCF
Fitness could not be evaluated for chromosome. SMILES : CC(=O)NCCC1=C[NH]C2=C1C=C(C=C2)OCF
Fitness could not be evaluated for chromosome. SMILES : CC(=O)NCCC1=C[NH]C2=C1C=C(C=C2)OCF
Fitness could not be evaluated for chromosome. SMILES : CC(=O)NCCC1=C[NH]C2=C1C=C(C3=C2)OC3OOC#N
Fitness could not be evaluated for chromosome. SMILES : CC(=O)NCCC1=C[NH]C2=C1C=C(C=C2)OCCPC[NH]OCON(I)F
Fitness could not be evaluated for chromosome. SMILES : CC(=O)NCCC1=C[NH]C2=C1C=C(C=C2)OC#CCI
Fitness could not be evaluated for chromosome. SMILES : CC(=O)NCCC1=C[NH]C2=C1C=C(C=C2)OC(N)=P(NCl)=NOOON
Fitness could not be evaluated for chromosome. SMILES : CC(=O)NCCC1=C[NH]C2=C1C=C(C=C2)OCI
Fitness could not be evaluated for chromosome. SMILES : C3C(=O)NCCC1=C[NH]C2=C1C=C(C=C2)OC#C[NH]C3
Fitness could not be evaluated for chromosome. SMILES : CC(=O)NCCC1=C[NH]C2=C1C=C(C=C2)OCCl
Fitness could not be evaluated for chromosome. SMILES : CC(=O)NCCC1=C[NH]C2=C1C=C(C=C2)OC
Fitness could not be evaluated for chromosome. SMILES : CC(=O)NCCC1=C[NH]C2=C1C=C(C=C2)OCP=NP=PBr
Fitness could not be evaluated for chromosome. SMILES : CC(=O)NCCC1=C[NH]C2=C1C=C(C=C2)OC=PBr
Fitness could not be evaluated for chromosome. SMILES : CC(=O)NCCC1=C[NH]C2=C1C=C(C=C2)OCOOCl
Fitness could not be evaluated for chromosome. SMILES : CC(=O)NCCC1=C[NH]C2=C1C=C(C=C2)OC=O
Fitness could not be evaluated for chromosome. SMILES : CC(=O)NCCC1=C[NH]C2=C1C=C(C=C2)OC=NNBr
Fitness could not be evaluated for chromosome. SMILES : CC(=O)NCCC1=C[NH]C2=C1C=C(C=C2)OCNF
Fitness could not be evaluated for chromosome. SMILES : CC(=O)NCCC1=C[NH]C2=C1C=C(C=C2)OC=O
Fitness could not be evaluated for chromosome. SMILES : C=3C(=O)NCCC1=C[NH]C2=C1C=C(C=C2)OC=3(P=CC=SOON=PS=P=C)
Fitness could not be evaluated for chromosome. SMILES : CC(=O)NCCC1=C[NH]C2=C1C=C(C=C2)OCOCONI
Fitness could not be evaluated for chromosome. SMILES : CC(=O)NCCC1=C[NH]C2=C1C=C(C=C2)OCF
Fitness could not be evaluated for chromosome. SMILES : CC(=O)NCCC1=C[NH]C2=C1C=C(C=C2)OCF
Fitness could not be evaluated for chromosome. SMILES : CC(=O)NCCC1=C[NH]C2=C1C=C(C=C2)OC[NH]P=C[NH]S(=O)
Fitness could not be evaluated for chromosome. SMILES : CC(=O)NCCC1=C[NH]C2=C1C=C(C=C2)OCCCF
Fitness could not be evaluated for chromosome. SMILES : CC(=O)NCCC1=C[NH]C2=C1C=C(C=C2)OC#N
Fitness could not be evaluated for chromosome. SMILES : CC(=O)NCCC1=C[NH]C2=C1C=C(C=C2)OC(C[NH]I)=O
Fitness could not be evaluated for chromosome. SMILES : CC(=O)NCCC1=C[NH]C2=C1C=C(C=C2)OCF
Fitness could not be evaluated for chromosome. SMILES : CC(=O)NCCC1=C[NH]C2=C1C=C(C=C2)OC=O
Fitness could not be evaluated for chromosome. SMILES : CC(=O)NCCC1=C[NH]C2=C1C=C(C=C2)OCNS(=C)Cl
Fitness could not be evaluated for chromosome. SMILES : CC(=O)NCCC1=C[NH]C2=C1C=C(C=C2)OC=S=PS=O
Fitness could not be evaluated for chromosome. SMILES : CC(=O)NCCC1=C[NH]C2=C1C=C(C=C2)OCNCl
Fitness could not be evaluated for chromosome. SMILES : C3C(=O)NCCC1=C[NH]C2=C1C=C(C=C2)OC=NC(=C(I))C=S#C[NH]S3
Fitness could not be evaluated for chromosome. SMILES : CC(=O)NCCC1=C[NH]C2=C1C=C(C=C2)OC#N
Fitness could not be evaluated for chromosome. SMILES : CC(=O)NCCC1=C[NH]C2=C1C=C(C=C2)OC=S=P[NH]N=C=O
Fitness could not be evaluated for chromosome. SMILES : CC(=O)NCCC1=C[NH]C2=C1C=C(C=C2)OC#CCOS=P=PCl
Fitness could not be evaluated for chromosome. SMILES : C3C(=O)NCCC1=C[NH]C2=C1C=C(C=C2)OC3=O
Fitness could not be evaluated for chromosome. SMILES : CC(=O)NCCC1=C[NH]C2=C1C=C(C=C2)OCI
Fitness could not be evaluated for chromosome. SMILES : CC(=O)NCCC1=C[NH]C2=C1C=C(C=C2)OCCBr
Fitness could not be evaluated for chromosome. SMILES : CC(=O)NCCC1=C[NH]C2=C1C=C(C=C2)OCI
Fitness could not be evaluated for chromosome. SMILES : CC(=O)NCCC1=C[NH]C2=C1C=C(C=C2)OCCOI
Fitness could not be evaluated for chromosome. SMILES : CC(=O)NCCC1=C[NH]C2=C1C=C(C=C2)OC=O
Fitness could not be evaluated for chromosome. SMILES : CC(=O)NCCC1=C[NH]C2=C1C=C(C=C2)OCI
Fitness could not be evaluated for chromosome. SMILES : CC(=O)NCCC1=C[NH]C2=C1C=C(C=C2)OCN=NC#C
Fitness could not be evaluated for chromosome. SMILES : C3C(=O)NCCC1=C[NH]C2=C1C=C(C=C2)OCSNOP3C=O
Fitness could not be evaluated for chromosome. SMILES : CC(=O)NCCC1=C[NH]C2=C1C=C(C=C2)OC=CCl
Fitness could not be evaluated for chromosome. SMILES : CC(=O)NCCC1=C[NH]C2=C1C=C(C=C2)OCOS(NF)=NCl
Fitness could not be evaluated for chromosome. SMILES : CC(=O)NCCC1=C[NH]C2=C1C=C(C=C2)OC#CP=PF
Fitness could not be evaluated for chromosome. SMILES : CC(=O)NCCC1=C[NH]C2=C1C=C(C=C2)OCF
