Iteration: 10
Best fitness: 718.0
Best individual: ['[C]' '[C]' '[Branch1_2]' '[C]' '[=O]' '[N]' '[C]' '[C]' '[C]' '[=C]'
 '[NHexpl]' '[C]' '[=C]' '[Ring1]' '[Branch1_1]' '[C]' '[=C]'
 '[Branch1_1]' '[Branch1_1]' '[C]' '[=C]' '[Ring1]' '[Branch1_2]' '[O]'
 '[C]' '[#N+1expl]' '[#C]' '[Branch1_2]' '[C+1expl]' '[O]' '[=P+1expl]'
 '[P-1expl]' '[P]' '[=N]' '[=P]' '[S]' '[C+1expl]' '[#S]' '[Expl=Ring2]'
 '[#S]' '[#C]' '[=P+1expl]' '[C]' '[#P]' '[#P-1expl]' '[N]' '[I]'
 '[N+1expl]' '[N-1expl]' '[Expl=Ring1]']
Iteration: 20
Best fitness: 718.0
Best individual: ['[C]' '[C]' '[Branch1_2]' '[C]' '[=O]' '[N]' '[C]' '[C]' '[C]' '[=C]'
 '[NHexpl]' '[C]' '[=C]' '[Ring1]' '[Branch1_1]' '[C]' '[=C]'
 '[Branch1_1]' '[Branch1_1]' '[C]' '[=C]' '[Ring1]' '[Branch1_2]' '[O]'
 '[C]' '[#N+1expl]' '[#C]' '[Branch1_2]' '[C+1expl]' '[O]' '[=P+1expl]'
 '[P-1expl]' '[P]' '[=N]' '[=P]' '[S]' '[C+1expl]' '[#S]' '[Expl=Ring2]'
 '[#S]' '[#C]' '[=P+1expl]' '[C]' '[#P]' '[#P-1expl]' '[N]' '[I]'
 '[N+1expl]' '[N-1expl]' '[Expl=Ring1]']
Iteration: 30
Best fitness: 731.0
Best individual: ['[C]' '[C]' '[Branch1_2]' '[C]' '[=O]' '[N]' '[C]' '[C]' '[C]' '[=C]'
 '[NHexpl]' '[C]' '[=C]' '[Ring1]' '[Branch1_1]' '[C]' '[=C]'
 '[Branch1_1]' '[Branch1_1]' '[C]' '[=C]' '[Ring1]' '[Branch1_2]' '[O]'
 '[C]' '[C-1expl]' '[S-1expl]' '[P-1expl]' '[P]' '[=P+1expl]' '[=S+1expl]'
 '[Branch3_3]' '[S]' '[Branch3_2]' '[C]' '[#S-1expl]' '[Branch1_2]'
 '[Branch2_2]' '[=S+1expl]' '[P-1expl]' '[Expl=Ring2]' '[=N]'
 '[Branch3_3]' '[#S]' '[=P+1expl]' '[Branch2_3]' '[=O]' '[#N+1expl]'
 '[P-1expl]' '[I]']
Iteration: 40
Best fitness: 815.0
Best individual: ['[C]' '[C]' '[Branch1_2]' '[C]' '[=O]' '[N]' '[C]' '[C]' '[C]' '[=C]'
 '[NHexpl]' '[C]' '[=C]' '[Ring1]' '[Branch1_1]' '[C]' '[=C]'
 '[Branch1_1]' '[Branch1_1]' '[C]' '[=C]' '[Ring1]' '[Branch1_2]' '[O]'
 '[C]' '[#P+1expl]' '[#S-1expl]' '[#P]' '[=S-1expl]' '[#S+1expl]'
 '[#N+1expl]' '[=P+1expl]' '[S-1expl]' '[=C-1expl]' '[#C-1expl]'
 '[#P+1expl]' '[C-1expl]' '[S]' '[=N+1expl]' '[#O+1expl]' '[=N-1expl]'
 '[=P]' '[#P]' '[=S+1expl]' '[I]' '[Ring1]' '[=S+1expl]' '[=N-1expl]'
 '[=N-1expl]' '[Branch3_2]']
Iteration: 50
Best fitness: 815.0
Best individual: ['[C]' '[C]' '[Branch1_2]' '[C]' '[=O]' '[N]' '[C]' '[C]' '[C]' '[=C]'
 '[NHexpl]' '[C]' '[=C]' '[Ring1]' '[Branch1_1]' '[C]' '[=C]'
 '[Branch1_1]' '[Branch1_1]' '[C]' '[=C]' '[Ring1]' '[Branch1_2]' '[O]'
 '[C]' '[#P+1expl]' '[#S-1expl]' '[#P]' '[=S-1expl]' '[#S+1expl]'
 '[#N+1expl]' '[=P+1expl]' '[S-1expl]' '[=C-1expl]' '[#C-1expl]'
 '[#P+1expl]' '[C-1expl]' '[S]' '[=N+1expl]' '[#O+1expl]' '[=N-1expl]'
 '[=P]' '[#P]' '[=S+1expl]' '[I]' '[Ring1]' '[=S+1expl]' '[=N-1expl]'
 '[=N-1expl]' '[Branch3_2]']
Iteration: 60
Best fitness: 815.0
Best individual: ['[C]' '[C]' '[Branch1_2]' '[C]' '[=O]' '[N]' '[C]' '[C]' '[C]' '[=C]'
 '[NHexpl]' '[C]' '[=C]' '[Ring1]' '[Branch1_1]' '[C]' '[=C]'
 '[Branch1_1]' '[Branch1_1]' '[C]' '[=C]' '[Ring1]' '[Branch1_2]' '[O]'
 '[C]' '[#P+1expl]' '[#S-1expl]' '[#P]' '[=S-1expl]' '[#S+1expl]'
 '[#N+1expl]' '[=P+1expl]' '[S-1expl]' '[=C-1expl]' '[#C-1expl]'
 '[#P+1expl]' '[C-1expl]' '[S]' '[=N+1expl]' '[#O+1expl]' '[=N-1expl]'
 '[=P]' '[#P]' '[=S+1expl]' '[I]' '[Ring1]' '[=S+1expl]' '[=N-1expl]'
 '[=N-1expl]' '[Branch3_2]']
Iteration: 70
Best fitness: 815.0
Best individual: ['[C]' '[C]' '[Branch1_2]' '[C]' '[=O]' '[N]' '[C]' '[C]' '[C]' '[=C]'
 '[NHexpl]' '[C]' '[=C]' '[Ring1]' '[Branch1_1]' '[C]' '[=C]'
 '[Branch1_1]' '[Branch1_1]' '[C]' '[=C]' '[Ring1]' '[Branch1_2]' '[O]'
 '[C]' '[#P+1expl]' '[#S-1expl]' '[#P]' '[=S-1expl]' '[#S+1expl]'
 '[#N+1expl]' '[=P+1expl]' '[S-1expl]' '[=C-1expl]' '[#C-1expl]'
 '[#P+1expl]' '[C-1expl]' '[S]' '[=N+1expl]' '[#O+1expl]' '[=N-1expl]'
 '[=P]' '[#P]' '[=S+1expl]' '[I]' '[Ring1]' '[=S+1expl]' '[=N-1expl]'
 '[=N-1expl]' '[Branch3_2]']
Iteration: 80
Best fitness: 815.0
Best individual: ['[C]' '[C]' '[Branch1_2]' '[C]' '[=O]' '[N]' '[C]' '[C]' '[C]' '[=C]'
 '[NHexpl]' '[C]' '[=C]' '[Ring1]' '[Branch1_1]' '[C]' '[=C]'
 '[Branch1_1]' '[Branch1_1]' '[C]' '[=C]' '[Ring1]' '[Branch1_2]' '[O]'
 '[C]' '[#P+1expl]' '[#S-1expl]' '[#P]' '[=S-1expl]' '[#S+1expl]'
 '[#N+1expl]' '[=P+1expl]' '[S-1expl]' '[=C-1expl]' '[#C-1expl]'
 '[#P+1expl]' '[C-1expl]' '[S]' '[=N+1expl]' '[#O+1expl]' '[=N-1expl]'
 '[=P]' '[#P]' '[=S+1expl]' '[I]' '[Ring1]' '[=S+1expl]' '[=N-1expl]'
 '[=N-1expl]' '[Branch3_2]']
Iteration: 90
Best fitness: 815.0
Best individual: ['[C]' '[C]' '[Branch1_2]' '[C]' '[=O]' '[N]' '[C]' '[C]' '[C]' '[=C]'
 '[NHexpl]' '[C]' '[=C]' '[Ring1]' '[Branch1_1]' '[C]' '[=C]'
 '[Branch1_1]' '[Branch1_1]' '[C]' '[=C]' '[Ring1]' '[Branch1_2]' '[O]'
 '[C]' '[#P+1expl]' '[#S-1expl]' '[#P]' '[=S-1expl]' '[#S+1expl]'
 '[#N+1expl]' '[=P+1expl]' '[S-1expl]' '[=C-1expl]' '[#C-1expl]'
 '[#P+1expl]' '[C-1expl]' '[S]' '[=N+1expl]' '[#O+1expl]' '[=N-1expl]'
 '[=P]' '[#P]' '[=S+1expl]' '[I]' '[Ring1]' '[=S+1expl]' '[=N-1expl]'
 '[=N-1expl]' '[Branch3_2]']
Iteration: 100
Best fitness: 815.0
Best individual: ['[C]' '[C]' '[Branch1_2]' '[C]' '[=O]' '[N]' '[C]' '[C]' '[C]' '[=C]'
 '[NHexpl]' '[C]' '[=C]' '[Ring1]' '[Branch1_1]' '[C]' '[=C]'
 '[Branch1_1]' '[Branch1_1]' '[C]' '[=C]' '[Ring1]' '[Branch1_2]' '[O]'
 '[C]' '[#P+1expl]' '[#S-1expl]' '[#P]' '[=S-1expl]' '[#S+1expl]'
 '[#N+1expl]' '[=P+1expl]' '[S-1expl]' '[=C-1expl]' '[#C-1expl]'
 '[#P+1expl]' '[C-1expl]' '[S]' '[=N+1expl]' '[#O+1expl]' '[=N-1expl]'
 '[=P]' '[#P]' '[=S+1expl]' '[I]' '[Ring1]' '[=S+1expl]' '[=N-1expl]'
 '[=N-1expl]' '[Branch3_2]']
