Iteration: 5
Best fitness: 0.09859154929577464
Best individual: ['[nop]' '[#C]' '[O]' '[#N]' '[S]' '[Branch1_2]' '[O]' '[#N]' '[=C]'
 '[nop]' '[S]' '[nop]' '[nop]' '[nop]' '[epsilon]' '[nop]' '[Ring2]'
 '[Ring1]' '[NHexpl]' '[#N]' '[nop]' '[C]' '[O]' '[#C]' '[Ring1]' '[nop]'
 '[=O]' '[C]' '[O]' '[C]']
Iteration: 10
Best fitness: 0.09859154929577464
Best individual: ['[nop]' '[#C]' '[O]' '[#N]' '[S]' '[Branch1_2]' '[O]' '[#N]' '[=C]'
 '[nop]' '[S]' '[nop]' '[nop]' '[nop]' '[epsilon]' '[nop]' '[Ring2]'
 '[Ring1]' '[NHexpl]' '[#N]' '[nop]' '[C]' '[O]' '[#C]' '[Ring1]' '[nop]'
 '[=O]' '[C]' '[O]' '[C]']
Iteration: 15
Best fitness: 0.09859154929577464
Best individual: ['[nop]' '[#C]' '[O]' '[#N]' '[S]' '[Branch1_2]' '[O]' '[#N]' '[=C]'
 '[nop]' '[S]' '[nop]' '[nop]' '[nop]' '[epsilon]' '[nop]' '[Ring2]'
 '[Ring1]' '[NHexpl]' '[#N]' '[nop]' '[C]' '[O]' '[#C]' '[Ring1]' '[nop]'
 '[=O]' '[C]' '[O]' '[C]']
Iteration: 20
Best fitness: 0.09859154929577464
Best individual: ['[nop]' '[#C]' '[O]' '[#N]' '[S]' '[Branch1_2]' '[O]' '[#N]' '[=C]'
 '[nop]' '[S]' '[nop]' '[nop]' '[nop]' '[epsilon]' '[nop]' '[Ring2]'
 '[Ring1]' '[NHexpl]' '[#N]' '[nop]' '[C]' '[O]' '[#C]' '[Ring1]' '[nop]'
 '[=O]' '[C]' '[O]' '[C]']
Iteration: 25
Best fitness: 0.09859154929577464
Best individual: ['[nop]' '[#C]' '[O]' '[#N]' '[S]' '[Branch1_2]' '[O]' '[#N]' '[=C]'
 '[nop]' '[S]' '[nop]' '[nop]' '[nop]' '[epsilon]' '[nop]' '[Ring2]'
 '[Ring1]' '[NHexpl]' '[#N]' '[nop]' '[C]' '[O]' '[#C]' '[Ring1]' '[nop]'
 '[=O]' '[C]' '[O]' '[C]']
Iteration: 30
Best fitness: 0.09859154929577464
Best individual: ['[nop]' '[#C]' '[O]' '[#N]' '[S]' '[Branch1_2]' '[O]' '[#N]' '[=C]'
 '[nop]' '[S]' '[nop]' '[nop]' '[nop]' '[epsilon]' '[nop]' '[Ring2]'
 '[Ring1]' '[NHexpl]' '[#N]' '[nop]' '[C]' '[O]' '[#C]' '[Ring1]' '[nop]'
 '[=O]' '[C]' '[O]' '[C]']
Iteration: 35
Best fitness: 0.09859154929577464
Best individual: ['[nop]' '[#C]' '[O]' '[#N]' '[S]' '[Branch1_2]' '[O]' '[#N]' '[=C]'
 '[nop]' '[S]' '[nop]' '[nop]' '[nop]' '[epsilon]' '[nop]' '[Ring2]'
 '[Ring1]' '[NHexpl]' '[#N]' '[nop]' '[C]' '[O]' '[#C]' '[Ring1]' '[nop]'
 '[=O]' '[C]' '[O]' '[C]']
Iteration: 40
Best fitness: 0.09859154929577464
Best individual: ['[nop]' '[#C]' '[O]' '[#N]' '[S]' '[Branch1_2]' '[O]' '[#N]' '[=C]'
 '[nop]' '[S]' '[nop]' '[nop]' '[nop]' '[epsilon]' '[nop]' '[Ring2]'
 '[Ring1]' '[NHexpl]' '[#N]' '[nop]' '[C]' '[O]' '[#C]' '[Ring1]' '[nop]'
 '[=O]' '[C]' '[O]' '[C]']
Iteration: 45
Best fitness: 0.09859154929577464
Best individual: ['[nop]' '[#C]' '[O]' '[#N]' '[S]' '[Branch1_2]' '[O]' '[#N]' '[=C]'
 '[nop]' '[S]' '[nop]' '[nop]' '[nop]' '[epsilon]' '[nop]' '[Ring2]'
 '[Ring1]' '[NHexpl]' '[#N]' '[nop]' '[C]' '[O]' '[#C]' '[Ring1]' '[nop]'
 '[=O]' '[C]' '[O]' '[C]']
Iteration: 50
Best fitness: 0.09859154929577464
Best individual: ['[nop]' '[#C]' '[O]' '[#N]' '[S]' '[Branch1_2]' '[O]' '[#N]' '[=C]'
 '[nop]' '[S]' '[nop]' '[nop]' '[nop]' '[epsilon]' '[nop]' '[Ring2]'
 '[Ring1]' '[NHexpl]' '[#N]' '[nop]' '[C]' '[O]' '[#C]' '[Ring1]' '[nop]'
 '[=O]' '[C]' '[O]' '[C]']
